#
# There is insufficient memory for the Java Runtime Environment to continue.
# Native memory allocation (malloc) failed to allocate 1071536 bytes for Chunk::new
# Possible reasons:
#   The system is out of physical RAM or swap space
#   In 32 bit mode, the process size limit was hit
# Possible solutions:
#   Reduce memory load on the system
#   Increase physical memory or swap space
#   Check if swap backing store is full
#   Use 64 bit Java on a 64 bit OS
#   Decrease Java heap size (-Xmx/-Xms)
#   Decrease number of Java threads
#   Decrease Java thread stack sizes (-Xss)
#   Set larger code cache with -XX:ReservedCodeCacheSize=
# This output file may be truncated or incomplete.
#
#  Out of Memory Error (allocation.cpp:390), pid=31612, tid=0x000000000000682c
#
# JRE version: Java(TM) SE Runtime Environment (8.0_151-b12) (build 1.8.0_151-b12)
# Java VM: Java HotSpot(TM) 64-Bit Server VM (25.151-b12 mixed mode windows-amd64 compressed oops)
# Failed to write core dump. Minidumps are not enabled by default on client versions of Windows
#

---------------  T H R E A D  ---------------

Current thread (0x000000001d8cb800):  JavaThread "C2 CompilerThread1" daemon [_thread_in_native, id=26668, stack(0x000000001e0a0000,0x000000001e1a0000)]

Stack: [0x000000001e0a0000,0x000000001e1a0000]
[error occurred during error reporting (printing stack bounds), id 0xc0000005]

Native frames: (J=compiled Java code, j=interpreted, Vv=VM code, C=native code)


Current CompileTask:
C2:   2646 2156       4       org.eclipse.sisu.plexus.RealmFilteredBeans$FilteredItr::hasNext (81 bytes)


---------------  P R O C E S S  ---------------

Java Threads: ( => current thread )
  0x000000001d951800 JavaThread "Service Thread" daemon [_thread_blocked, id=18888, stack(0x000000001e2a0000,0x000000001e3a0000)]
  0x000000001d8d0800 JavaThread "C1 CompilerThread2" daemon [_thread_blocked, id=18744, stack(0x000000001e1a0000,0x000000001e2a0000)]
=>0x000000001d8cb800 JavaThread "C2 CompilerThread1" daemon [_thread_in_native, id=26668, stack(0x000000001e0a0000,0x000000001e1a0000)]
  0x000000001d8c6800 JavaThread "C2 CompilerThread0" daemon [_thread_in_native, id=17268, stack(0x000000001dfa0000,0x000000001e0a0000)]
  0x000000001c50a000 JavaThread "Monitor Ctrl-Break" daemon [_thread_in_native, id=9436, stack(0x000000001dea0000,0x000000001dfa0000)]
  0x000000001c502800 JavaThread "Attach Listener" daemon [_thread_blocked, id=18880, stack(0x000000001dd90000,0x000000001de90000)]
  0x000000001c4bf000 JavaThread "Signal Dispatcher" daemon [_thread_blocked, id=11388, stack(0x000000001dc90000,0x000000001dd90000)]
  0x0000000002e77800 JavaThread "Finalizer" daemon [_thread_blocked, id=25940, stack(0x000000001d700000,0x000000001d800000)]
  0x0000000002e72000 JavaThread "Reference Handler" daemon [_thread_blocked, id=14600, stack(0x000000001d600000,0x000000001d700000)]
  0x0000000002d82800 JavaThread "main" [_thread_in_native, id=23132, stack(0x0000000002770000,0x0000000002870000)]

Other Threads:
  0x000000001c477800 VMThread [stack: 0x000000001d500000,0x000000001d600000] [id=5904]
  0x000000001d980000 WatcherThread [stack: 0x000000001e3a0000,0x000000001e4a0000] [id=32208]

VM state:not at safepoint (normal execution)

VM Mutex/Monitor currently owned by a thread: None

Heap:
 PSYoungGen      total 76288K, used 20496K [0x000000076b000000, 0x0000000774500000, 0x00000007c0000000)
  eden space 65536K, 14% used [0x000000076b000000,0x000000076b989b48,0x000000076f000000)
  from space 10752K, 99% used [0x000000076fa80000,0x00000007704fa630,0x0000000770500000)
  to   space 10752K, 0% used [0x000000076f000000,0x000000076f000000,0x000000076fa80000)
 ParOldGen       total 175104K, used 2289K [0x00000006c1000000, 0x00000006cbb00000, 0x000000076b000000)
  object space 175104K, 1% used [0x00000006c1000000,0x00000006c123c4b0,0x00000006cbb00000)
 Metaspace       used 15230K, capacity 15600K, committed 15872K, reserved 1062912K
  class space    used 1846K, capacity 1944K, committed 2048K, reserved 1048576K

Card table byte_map: [0x0000000012240000,0x0000000012a40000] byte_map_base: 0x000000000ec38000

Marking Bits: (ParMarkBitMap*) 0x0000000054ecd850
 Begin Bits: [0x0000000013390000, 0x0000000017350000)
 End Bits:   [0x0000000017350000, 0x000000001b310000)

Polling page: 0x0000000002bc0000

CodeCache: size=245760Kb used=7505Kb max_used=7505Kb free=238254Kb
 bounds [0x0000000002e80000, 0x00000000035e0000, 0x0000000011e80000]
 total_blobs=2555 nmethods=2211 adapters=256
 compilation: enabled

Compilation events (10 events):
Event: 2.589 Thread 0x000000001d8d0800 2226       2       java.util.Collections$UnmodifiableCollection::<init> (22 bytes)
Event: 2.589 Thread 0x000000001d8d0800 nmethod 2226 0x00000000035db650 code [0x00000000035db7c0, 0x00000000035db9c8]
Event: 2.592 Thread 0x000000001d8d0800 2227       2       java.util.Collections$UnmodifiableMap$UnmodifiableEntrySet$1::hasNext (10 bytes)
Event: 2.592 Thread 0x000000001d8d0800 nmethod 2227 0x00000000035dba90 code [0x00000000035dbc00, 0x00000000035dbd88]
Event: 2.592 Thread 0x000000001d8d0800 2228       2       java.util.Collections$UnmodifiableMap$UnmodifiableEntrySet$1::next (5 bytes)
Event: 2.592 Thread 0x000000001d8d0800 nmethod 2228 0x00000000035dbe10 code [0x00000000035dbfa0, 0x00000000035dc298]
Event: 2.592 Thread 0x000000001d8d0800 2229       2       java.util.Collections$UnmodifiableMap$UnmodifiableEntrySet$UnmodifiableEntry::getKey (10 bytes)
Event: 2.592 Thread 0x000000001d8d0800 nmethod 2229 0x00000000035dc450 code [0x00000000035dc5c0, 0x00000000035dc748]
Event: 2.592 Thread 0x000000001d8d0800 2230       2       java.util.Collections$UnmodifiableMap$UnmodifiableEntrySet$UnmodifiableEntry::getValue (10 bytes)
Event: 2.593 Thread 0x000000001d8d0800 nmethod 2230 0x00000000035dc7d0 code [0x00000000035dc940, 0x00000000035dcac8]

GC Heap History (4 events):
Event: 1.270 GC heap before
{Heap before GC invocations=1 (full 0):
 PSYoungGen      total 76288K, used 65536K [0x000000076b000000, 0x0000000770500000, 0x00000007c0000000)
  eden space 65536K, 100% used [0x000000076b000000,0x000000076f000000,0x000000076f000000)
  from space 10752K, 0% used [0x000000076fa80000,0x000000076fa80000,0x0000000770500000)
  to   space 10752K, 0% used [0x000000076f000000,0x000000076f000000,0x000000076fa80000)
 ParOldGen       total 175104K, used 0K [0x00000006c1000000, 0x00000006cbb00000, 0x000000076b000000)
  object space 175104K, 0% used [0x00000006c1000000,0x00000006c1000000,0x00000006cbb00000)
 Metaspace       used 11474K, capacity 11754K, committed 12032K, reserved 1060864K
  class space    used 1437K, capacity 1511K, committed 1536K, reserved 1048576K
Event: 1.279 GC heap after
Heap after GC invocations=1 (full 0):
 PSYoungGen      total 76288K, used 9481K [0x000000076b000000, 0x0000000770500000, 0x00000007c0000000)
  eden space 65536K, 0% used [0x000000076b000000,0x000000076b000000,0x000000076f000000)
  from space 10752K, 88% used [0x000000076f000000,0x000000076f9427d0,0x000000076fa80000)
  to   space 10752K, 0% used [0x000000076fa80000,0x000000076fa80000,0x0000000770500000)
 ParOldGen       total 175104K, used 16K [0x00000006c1000000, 0x00000006cbb00000, 0x000000076b000000)
  object space 175104K, 0% used [0x00000006c1000000,0x00000006c1004000,0x00000006cbb00000)
 Metaspace       used 11474K, capacity 11754K, committed 12032K, reserved 1060864K
  class space    used 1437K, capacity 1511K, committed 1536K, reserved 1048576K
}
Event: 2.486 GC heap before
{Heap before GC invocations=2 (full 0):
 PSYoungGen      total 76288K, used 75017K [0x000000076b000000, 0x0000000770500000, 0x00000007c0000000)
  eden space 65536K, 100% used [0x000000076b000000,0x000000076f000000,0x000000076f000000)
  from space 10752K, 88% used [0x000000076f000000,0x000000076f9427d0,0x000000076fa80000)
  to   space 10752K, 0% used [0x000000076fa80000,0x000000076fa80000,0x0000000770500000)
 ParOldGen       total 175104K, used 16K [0x00000006c1000000, 0x00000006cbb00000, 0x000000076b000000)
  object space 175104K, 0% used [0x00000006c1000000,0x00000006c1004000,0x00000006cbb00000)
 Metaspace       used 15052K, capacity 15312K, committed 15488K, reserved 1062912K
  class space    used 1838K, capacity 1912K, committed 1920K, reserved 1048576K
Event: 2.523 GC heap after
Heap after GC invocations=2 (full 0):
 PSYoungGen      total 76288K, used 10729K [0x000000076b000000, 0x0000000774500000, 0x00000007c0000000)
  eden space 65536K, 0% used [0x000000076b000000,0x000000076b000000,0x000000076f000000)
  from space 10752K, 99% used [0x000000076fa80000,0x00000007704fa630,0x0000000770500000)
  to   space 10752K, 0% used [0x000000076f000000,0x000000076f000000,0x000000076fa80000)
 ParOldGen       total 175104K, used 2289K [0x00000006c1000000, 0x00000006cbb00000, 0x000000076b000000)
  object space 175104K, 1% used [0x00000006c1000000,0x00000006c123c4b0,0x00000006cbb00000)
 Metaspace       used 15052K, capacity 15312K, committed 15488K, reserved 1062912K
  class space    used 1838K, capacity 1912K, committed 1920K, reserved 1048576K
}

Deoptimization events (10 events):
Event: 1.560 Thread 0x0000000002d82800 Uncommon trap: reason=null_check action=make_not_entrant pc=0x000000000303f588 method=java.lang.String.equals(Ljava/lang/Object;)Z @ 8
Event: 1.569 Thread 0x0000000002d82800 Uncommon trap: reason=unstable_if action=reinterpret pc=0x000000000315df8c method=org.codehaus.plexus.util.xml.pull.MXParser.parseStartTag()I @ 443
Event: 1.650 Thread 0x0000000002d82800 Uncommon trap: reason=unstable_if action=reinterpret pc=0x0000000003071370 method=java.lang.String.replace(CC)Ljava/lang/String; @ 2
Event: 1.704 Thread 0x0000000002d82800 Uncommon trap: reason=unstable_if action=reinterpret pc=0x00000000033d75b4 method=java.lang.reflect.AccessibleObject.setAccessible0(Ljava/lang/reflect/AccessibleObject;Z)V @ 4
Event: 1.754 Thread 0x0000000002d82800 Uncommon trap: reason=null_check action=make_not_entrant pc=0x0000000003416c40 method=org.apache.maven.model.io.xpp3.MavenXpp3ReaderEx.checkFieldWithDuplicate(Lorg/codehaus/plexus/util/xml/pull/XmlPullParser;Ljava/lang/String;Ljava/lang/String;Ljava/util/
Event: 2.111 Thread 0x0000000002d82800 Uncommon trap: reason=unstable_if action=reinterpret pc=0x00000000033a798c method=org.codehaus.plexus.util.xml.pull.MXParser.nextImpl()I @ 879
Event: 2.136 Thread 0x0000000002d82800 Uncommon trap: reason=unstable_if action=reinterpret pc=0x00000000030e7108 method=sun.nio.cs.UTF_8$Decoder.decode([BII[C)I @ 30
Event: 2.136 Thread 0x0000000002d82800 Uncommon trap: reason=unstable_if action=reinterpret pc=0x00000000030e9f78 method=sun.nio.cs.UTF_8$Decoder.decodeArrayLoop(Ljava/nio/ByteBuffer;Ljava/nio/CharBuffer;)Ljava/nio/charset/CoderResult; @ 84
Event: 2.152 Thread 0x0000000002d82800 Uncommon trap: reason=unstable_if action=reinterpret pc=0x00000000034c4a3c method=org.codehaus.plexus.util.xml.pull.MXParser.nextImpl()I @ 310
Event: 2.617 Thread 0x0000000002d82800 Uncommon trap: reason=unstable_if action=reinterpret pc=0x00000000035428e8 method=org.apache.maven.model.Dependency.clone()Lorg/apache/maven/model/Dependency; @ 76

Internal exceptions (10 events):
Event: 0.838 Thread 0x0000000002d82800 Exception <a 'java/lang/ArrayIndexOutOfBoundsException'> (0x000000076c77af20) thrown at [C:\re\workspace\8-2-build-windows-amd64-cygwin\jdk8u151\9699\hotspot\src\share\vm\runtime\sharedRuntime.cpp, line 605]
Event: 0.838 Thread 0x0000000002d82800 Exception <a 'java/lang/ArrayIndexOutOfBoundsException'> (0x000000076c77c478) thrown at [C:\re\workspace\8-2-build-windows-amd64-cygwin\jdk8u151\9699\hotspot\src\share\vm\runtime\sharedRuntime.cpp, line 605]
Event: 0.838 Thread 0x0000000002d82800 Exception <a 'java/lang/ArrayIndexOutOfBoundsException'> (0x000000076c77dcf8) thrown at [C:\re\workspace\8-2-build-windows-amd64-cygwin\jdk8u151\9699\hotspot\src\share\vm\runtime\sharedRuntime.cpp, line 605]
Event: 0.933 Thread 0x0000000002d82800 Exception <a 'java/lang/ArrayIndexOutOfBoundsException': 73> (0x000000076d26c5b0) thrown at [C:\re\workspace\8-2-build-windows-amd64-cygwin\jdk8u151\9699\hotspot\src\share\vm\interpreter\interpreterRuntime.cpp, line 366]
Event: 0.933 Thread 0x0000000002d82800 Exception <a 'java/lang/ArrayIndexOutOfBoundsException': 131> (0x000000076d26df58) thrown at [C:\re\workspace\8-2-build-windows-amd64-cygwin\jdk8u151\9699\hotspot\src\share\vm\interpreter\interpreterRuntime.cpp, line 366]
Event: 1.446 Thread 0x0000000002d82800 Exception <a 'java/lang/NoClassDefFoundError': com/google/inject/servlet/ServletModuleTargetVisitor> (0x000000076baa1270) thrown at [C:\re\workspace\8-2-build-windows-amd64-cygwin\jdk8u151\9699\hotspot\src\share\vm\classfile\systemDictionary.cpp, line 199
Event: 1.446 Thread 0x0000000002d82800 Exception <a 'java/lang/NoClassDefFoundError'> (0x000000076baa1270) thrown at [C:\re\workspace\8-2-build-windows-amd64-cygwin\jdk8u151\9699\hotspot\src\share\vm\prims\jvm.cpp, line 1394]
Event: 1.446 Thread 0x0000000002d82800 Exception <a 'java/lang/NoClassDefFoundError': javax/annotation/Priority> (0x000000076baa6090) thrown at [C:\re\workspace\8-2-build-windows-amd64-cygwin\jdk8u151\9699\hotspot\src\share\vm\classfile\systemDictionary.cpp, line 199]
Event: 1.560 Thread 0x0000000002d82800 Implicit null exception at 0x000000000303f39c to 0x000000000303f579
Event: 1.754 Thread 0x0000000002d82800 Implicit null exception at 0x0000000003415927 to 0x0000000003416c29

Events (10 events):
Event: 2.591 loading class org/apache/maven/plugin/CacheUtils done
Event: 2.611 loading class org/apache/maven/repository/internal/DefaultModelCache
Event: 2.611 loading class org/apache/maven/repository/internal/DefaultModelCache done
Event: 2.612 loading class org/apache/maven/repository/internal/DefaultModelResolver
Event: 2.612 loading class org/apache/maven/repository/internal/DefaultModelResolver done
Event: 2.617 Thread 0x0000000002d82800 Uncommon trap: trap_request=0xffffff65 fr.pc=0x00000000035428e8
Event: 2.617 Thread 0x0000000002d82800 DEOPT PACKING pc=0x00000000035428e8 sp=0x000000000286dc60
Event: 2.617 Thread 0x0000000002d82800 DEOPT UNPACKING pc=0x0000000002ec582a sp=0x000000000286dc68 mode 2
Event: 2.618 loading class org/apache/maven/repository/internal/DefaultModelCache$Key
Event: 2.618 loading class org/apache/maven/repository/internal/DefaultModelCache$Key done


Dynamic libraries:
0x00007ff645380000 - 0x00007ff6453b7000 	C:\Program Files\Java\jdk1.8.0_151\bin\java.exe
0x00007ff8cbb30000 - 0x00007ff8cbd25000 	C:\WINDOWS\SYSTEM32\ntdll.dll
0x00007ff8cad90000 - 0x00007ff8cae4d000 	C:\WINDOWS\System32\KERNEL32.DLL
0x00007ff8c96e0000 - 0x00007ff8c99a7000 	C:\WINDOWS\System32\KERNELBASE.dll
0x00007ff8cb500000 - 0x00007ff8cb5aa000 	C:\WINDOWS\System32\ADVAPI32.dll
0x00007ff8caf10000 - 0x00007ff8cafae000 	C:\WINDOWS\System32\msvcrt.dll
0x00007ff8cb3f0000 - 0x00007ff8cb48b000 	C:\WINDOWS\System32\sechost.dll
0x00007ff8cb5b0000 - 0x00007ff8cb6d3000 	C:\WINDOWS\System32\RPCRT4.dll
0x00007ff8c9ba0000 - 0x00007ff8c9d40000 	C:\WINDOWS\System32\USER32.dll
0x00007ff8c9b40000 - 0x00007ff8c9b62000 	C:\WINDOWS\System32\win32u.dll
0x00007ff8cad00000 - 0x00007ff8cad2a000 	C:\WINDOWS\System32\GDI32.dll
0x00007ff8c99b0000 - 0x00007ff8c9aba000 	C:\WINDOWS\System32\gdi32full.dll
0x00007ff8c93e0000 - 0x00007ff8c947d000 	C:\WINDOWS\System32\msvcp_win.dll
0x00007ff8c9480000 - 0x00007ff8c9580000 	C:\WINDOWS\System32\ucrtbase.dll
0x00007ff8bcf00000 - 0x00007ff8bd19a000 	C:\WINDOWS\WinSxS\amd64_microsoft.windows.common-controls_6595b64144ccf1df_6.0.19041.1_none_b555e41d4684ddec\COMCTL32.dll
0x00007ff8cb2a0000 - 0x00007ff8cb2d0000 	C:\WINDOWS\System32\IMM32.DLL
0x0000000054f50000 - 0x0000000055022000 	C:\Program Files\Java\jdk1.8.0_151\jre\bin\msvcr100.dll
0x00000000546b0000 - 0x0000000054f4d000 	C:\Program Files\Java\jdk1.8.0_151\jre\bin\server\jvm.dll
0x00007ff8ca360000 - 0x00007ff8ca368000 	C:\WINDOWS\System32\PSAPI.DLL
0x00007ff8c6b50000 - 0x00007ff8c6b59000 	C:\WINDOWS\SYSTEM32\WSOCK32.dll
0x00007ff8cb490000 - 0x00007ff8cb4fb000 	C:\WINDOWS\System32\WS2_32.dll
0x00007ff8bced0000 - 0x00007ff8bcef7000 	C:\WINDOWS\SYSTEM32\WINMM.dll
0x00007ff8c2e60000 - 0x00007ff8c2e6a000 	C:\WINDOWS\SYSTEM32\VERSION.dll
0x00000000546a0000 - 0x00000000546af000 	C:\Program Files\Java\jdk1.8.0_151\jre\bin\verify.dll
0x0000000054670000 - 0x0000000054699000 	C:\Program Files\Java\jdk1.8.0_151\jre\bin\java.dll
0x0000000054640000 - 0x0000000054663000 	C:\Program Files\Java\jdk1.8.0_151\jre\bin\instrument.dll
0x0000000054620000 - 0x0000000054636000 	C:\Program Files\Java\jdk1.8.0_151\jre\bin\zip.dll
0x00007ff8ca410000 - 0x00007ff8cab50000 	C:\WINDOWS\System32\SHELL32.dll
0x00007ff8c7420000 - 0x00007ff8c7bb1000 	C:\WINDOWS\SYSTEM32\windows.storage.dll
0x00007ff8cb6e0000 - 0x00007ff8cba33000 	C:\WINDOWS\System32\combase.dll
0x00007ff8c8c30000 - 0x00007ff8c8c5c000 	C:\WINDOWS\SYSTEM32\Wldp.dll
0x00007ff8cba40000 - 0x00007ff8cbaee000 	C:\WINDOWS\System32\SHCORE.dll
0x00007ff8cad30000 - 0x00007ff8cad85000 	C:\WINDOWS\System32\shlwapi.dll
0x00007ff8c91c0000 - 0x00007ff8c91df000 	C:\WINDOWS\SYSTEM32\profapi.dll
0x00007ff8c2790000 - 0x00007ff8c27aa000 	C:\Program Files\JetBrains\IntelliJ IDEA 2017.2.6\bin\breakgen64.dll
0x0000000054600000 - 0x000000005461a000 	C:\Program Files\Java\jdk1.8.0_151\jre\bin\net.dll
0x00007ff8c89b0000 - 0x00007ff8c8a1a000 	C:\WINDOWS\system32\mswsock.dll
0x00000000545e0000 - 0x00000000545f1000 	C:\Program Files\Java\jdk1.8.0_151\jre\bin\nio.dll

VM Arguments:
jvm_args: -Dmaven.multiModuleProjectDirectory=C:\Users\mj975\Downloads\mall\order -Dmaven.home=C:\Program Files\JetBrains\IntelliJ IDEA 2017.2.6\plugins\maven\lib\maven3 -Dclassworlds.conf=C:\Program Files\JetBrains\IntelliJ IDEA 2017.2.6\plugins\maven\lib\maven3\bin\m2.conf -javaagent:C:\Program Files\JetBrains\IntelliJ IDEA 2017.2.6\lib\idea_rt.jar=5672:C:\Program Files\JetBrains\IntelliJ IDEA 2017.2.6\bin -Dfile.encoding=UTF-8 
java_command: org.codehaus.classworlds.Launcher -Didea.version=2017.2.7 org.springframework.boot:spring-boot-maven-plugin:2.1.9.RELEASE:run
java_class_path (initial): C:\Program Files\JetBrains\IntelliJ IDEA 2017.2.6\plugins\maven\lib\maven3\boot\plexus-classworlds-2.5.2.jar;C:\Program Files\JetBrains\IntelliJ IDEA 2017.2.6\lib\idea_rt.jar
Launcher Type: SUN_STANDARD

Environment Variables:
PATH=D:\app\oracle\product\12.1.0\dbhome_1\bin;C:\Program Files (x86)\NAT Service;C:\Program Files (x86)\Common Files\Oracle\Java\javapath;C:\ProgramData\Oracle\Java\javapath;C:\Program Files\NVIDIA GPU Computing Toolkit\CUDA\v8.0\bin;C:\Program Files\NVIDIA GPU Computing Toolkit\CUDA\v8.0\libnvvp;C:\Program Files\Python36\Scripts\;C:\Program Files\Python36\;C:\Windows\system32;C:\Windows;C:\Windows\System32\Wbem;C:\Windows\System32\WindowsPowerShell\v1.0\;C:\Program Files (x86)\NVIDIA Corporation\PhysX\Common;C:\Program Files\NVIDIA GPU Computing Toolkit\CUDA\v8.0\cuda\bin;C:\Program Files\NVIDIA GPU Computing Toolkit\CUDA\v8.0;C:\Program Files\NVIDIA GPU Computing Toolkit\CUDA\v8.0\cuda\;C:\Program Files\Git\cmd;C:\Program Files\dotnet\;C:\WINDOWS\system32;C:\WINDOWS;C:\WINDOWS\System32\Wbem;C:\WINDOWS\System32\WindowsPowerShell\v1.0\;C:\WINDOWS\System32\OpenSSH\;C:\Users\mj975\AppData\Roaming\nvm;C:\Program Files\nodejs;C:\Program Files\Python36\Scripts;C:\Users\mj975\anaconda3;C:\Users\mj975\anaconda3\Library\mingw-w64\bin;C:\Users\mj975\anaconda3\Library\usr\bin;C:\Users\mj975\anaconda3\Library\bin;C:\Users\mj975\anaconda3\Scripts;C:\Users\mj975\AppData\Local\Microsoft\WindowsApps;C:\Program Files\Bandizip\;C:\Users\mj975\AppData\Roaming\nvm;C:\Program Files\nodejs;C:\Users\mj975\AppData\Local\Programs\Microsoft VS Code\bin;
USERNAME=mj975
OS=Windows_NT
PROCESSOR_IDENTIFIER=Intel64 Family 6 Model 94 Stepping 3, GenuineIntel



---------------  S Y S T E M  ---------------

OS: Windows 10.0 , 64 bit Build 19041 (10.0.19041.292)

CPU:total 4 (initial active 4) (4 cores per cpu, 1 threads per core) family 6 model 94 stepping 3, cmov, cx8, fxsr, mmx, sse, sse2, sse3, ssse3, sse4.1, sse4.2, popcnt, avx, avx2, aes, clmul, erms, rtm, 3dnowpref, lzcnt, tsc, tscinvbit, bmi1, bmi2, adx

Memory: 4k page, physical 16708576k(3781452k free), swap 39489404k(5504k free)

vm_info: Java HotSpot(TM) 64-Bit Server VM (25.151-b12) for windows-amd64 JRE (1.8.0_151-b12), built on Sep  5 2017 19:33:46 by "java_re" with MS VC++ 10.0 (VS2010)

time: Thu Sep 24 14:42:19 2020
elapsed time: 2 seconds (0d 0h 0m 2s)

