#
# There is insufficient memory for the Java Runtime Environment to continue.
# Native memory allocation (malloc) failed to allocate 32744 bytes for ChunkPool::allocate
# Possible reasons:
#   The system is out of physical RAM or swap space
#   In 32 bit mode, the process size limit was hit
# Possible solutions:
#   Reduce memory load on the system
#   Increase physical memory or swap space
#   Check if swap backing store is full
#   Use 64 bit Java on a 64 bit OS
#   Decrease Java heap size (-Xmx/-Xms)
#   Decrease number of Java threads
#   Decrease Java thread stack sizes (-Xss)
#   Set larger code cache with -XX:ReservedCodeCacheSize=
# This output file may be truncated or incomplete.
#
#  Out of Memory Error (allocation.cpp:273), pid=23816, tid=0x00000000000009d8
#
# JRE version: Java(TM) SE Runtime Environment (8.0_151-b12) (build 1.8.0_151-b12)
# Java VM: Java HotSpot(TM) 64-Bit Server VM (25.151-b12 mixed mode windows-amd64 compressed oops)
# Failed to write core dump. Minidumps are not enabled by default on client versions of Windows
#

---------------  T H R E A D  ---------------

Current thread (0x0000000003622800):  JavaThread "main" [_thread_in_vm, id=2520, stack(0x0000000003410000,0x0000000003510000)]

Stack: [0x0000000003410000,0x0000000003510000]
[error occurred during error reporting (printing stack bounds), id 0xc0000005]

Native frames: (J=compiled Java code, j=interpreted, Vv=VM code, C=native code)

Java frames: (J=compiled Java code, j=interpreted, Vv=VM code)
j  sun.misc.Unsafe.defineClass(Ljava/lang/String;[BIILjava/lang/ClassLoader;Ljava/security/ProtectionDomain;)Ljava/lang/Class;+0
j  sun.reflect.ClassDefiner.defineClass(Ljava/lang/String;[BIILjava/lang/ClassLoader;)Ljava/lang/Class;+27
j  sun.reflect.MethodAccessorGenerator$1.run()Lsun/reflect/MagicAccessorImpl;+21
j  sun.reflect.MethodAccessorGenerator$1.run()Ljava/lang/Object;+1
v  ~StubRoutines::call_stub
J 729  java.security.AccessController.doPrivileged(Ljava/security/PrivilegedAction;)Ljava/lang/Object; (0 bytes) @ 0x0000000003a26292 [0x0000000003a26240+0x52]
j  sun.reflect.MethodAccessorGenerator.generate(Ljava/lang/Class;Ljava/lang/String;[Ljava/lang/Class;Ljava/lang/Class;[Ljava/lang/Class;IZZLjava/lang/Class;)Lsun/reflect/MagicAccessorImpl;+755
j  sun.reflect.MethodAccessorGenerator.generateMethod(Ljava/lang/Class;Ljava/lang/String;[Ljava/lang/Class;Ljava/lang/Class;[Ljava/lang/Class;I)Lsun/reflect/MethodAccessor;+13
j  sun.reflect.NativeMethodAccessorImpl.invoke(Ljava/lang/Object;[Ljava/lang/Object;)Ljava/lang/Object;+79
J 1895 C1 sun.reflect.DelegatingMethodAccessorImpl.invoke(Ljava/lang/Object;[Ljava/lang/Object;)Ljava/lang/Object; (10 bytes) @ 0x0000000003d3950c [0x0000000003d39400+0x10c]
J 1799 C1 java.lang.reflect.Method.invoke(Ljava/lang/Object;[Ljava/lang/Object;)Ljava/lang/Object; (62 bytes) @ 0x0000000003cf0b74 [0x0000000003cf0780+0x3f4]
J 1740 C1 org.codehaus.plexus.interpolation.reflection.ReflectionValueExtractor.evaluate(Ljava/lang/String;Ljava/lang/Object;Z)Ljava/lang/Object; (163 bytes) @ 0x0000000003cd48ac [0x0000000003cd36e0+0x11cc]
J 1739 C1 org.codehaus.plexus.interpolation.ObjectBasedValueSource.getValue(Ljava/lang/String;)Ljava/lang/Object; (66 bytes) @ 0x0000000003cd5d5c [0x0000000003cd5ac0+0x29c]
J 1607 C1 org.codehaus.plexus.interpolation.PrefixedValueSourceWrapper.getValue(Ljava/lang/String;)Ljava/lang/Object; (39 bytes) @ 0x0000000003c78284 [0x0000000003c780c0+0x1c4]
J 1697 C1 org.codehaus.plexus.interpolation.AbstractDelegatingValueSource.getValue(Ljava/lang/String;)Ljava/lang/Object; (11 bytes) @ 0x0000000003cb0ddc [0x0000000003cb0c40+0x19c]
J 2016 C2 org.codehaus.plexus.interpolation.StringSearchInterpolator.interpolate(Ljava/lang/String;Lorg/codehaus/plexus/interpolation/RecursionInterceptor;Ljava/util/Set;)Ljava/lang/String; (655 bytes) @ 0x0000000003f07614 [0x0000000003f04540+0x30d4]
J 1696 C2 org.apache.maven.model.interpolation.AbstractStringBasedModelInterpolator.interpolateInternal(Ljava/lang/String;Ljava/util/List;Ljava/util/List;Lorg/apache/maven/model/building/ModelProblemCollector;)Ljava/lang/String; (372 bytes) @ 0x0000000003cce25c [0x0000000003ccdaa0+0x7bc]
J 1649 C2 org.apache.maven.model.interpolation.StringSearchModelInterpolator$InterpolateObjectAction$StringField.doInterpolate(Ljava/lang/Object;Lorg/apache/maven/model/interpolation/StringSearchModelInterpolator$InterpolateObjectAction;)V (44 bytes) @ 0x0000000003ca76d0 [0x0000000003ca75e0+0xf0]
J 1826 C2 org.apache.maven.model.interpolation.StringSearchModelInterpolator$InterpolateObjectAction.traverseObjectWithParents(Ljava/lang/Class;Ljava/lang/Object;)V (49 bytes) @ 0x0000000003d3a9a4 [0x0000000003d3a5e0+0x3c4]
j  org.apache.maven.model.interpolation.StringSearchModelInterpolator$InterpolateObjectAction.run()Ljava/lang/Object;+24
v  ~StubRoutines::call_stub
J 729  java.security.AccessController.doPrivileged(Ljava/security/PrivilegedAction;)Ljava/lang/Object; (0 bytes) @ 0x0000000003a26292 [0x0000000003a26240+0x52]
j  org.apache.maven.model.interpolation.StringSearchModelInterpolator.interpolateObject(Ljava/lang/Object;Lorg/apache/maven/model/Model;Ljava/io/File;Lorg/apache/maven/model/building/ModelBuildingRequest;Lorg/apache/maven/model/building/ModelProblemCollector;)V+41
j  org.apache.maven.model.interpolation.StringSearchModelInterpolator.interpolateModel(Lorg/apache/maven/model/Model;Ljava/io/File;Lorg/apache/maven/model/building/ModelBuildingRequest;Lorg/apache/maven/model/building/ModelProblemCollector;)Lorg/apache/maven/model/Model;+7
j  org.apache.maven.model.building.DefaultModelBuilder.interpolateModel(Lorg/apache/maven/model/Model;Lorg/apache/maven/model/building/ModelBuildingRequest;Lorg/apache/maven/model/building/ModelProblemCollector;)Lorg/apache/maven/model/Model;+19
j  org.apache.maven.model.building.DefaultModelBuilder.build(Lorg/apache/maven/model/building/ModelBuildingRequest;)Lorg/apache/maven/model/building/ModelBuildingResult;+808
j  org.apache.maven.repository.internal.DefaultArtifactDescriptorReader.loadPom(Lorg/eclipse/aether/RepositorySystemSession;Lorg/eclipse/aether/resolution/ArtifactDescriptorRequest;Lorg/eclipse/aether/resolution/ArtifactDescriptorResult;)Lorg/apache/maven/model/Model;+626
j  org.apache.maven.repository.internal.DefaultArtifactDescriptorReader.readArtifactDescriptor(Lorg/eclipse/aether/RepositorySystemSession;Lorg/eclipse/aether/resolution/ArtifactDescriptorRequest;)Lorg/eclipse/aether/resolution/ArtifactDescriptorResult;+13
j  org.eclipse.aether.internal.impl.DefaultDependencyCollector.resolveCachedArtifactDescriptor(Lorg/eclipse/aether/internal/impl/DataPool;Lorg/eclipse/aether/resolution/ArtifactDescriptorRequest;Lorg/eclipse/aether/RepositorySystemSession;Lorg/eclipse/aether/graph/Dependency;Lorg/eclipse/aether/internal/impl/DefaultDependencyCollector$Results;Lorg/eclipse/aether/internal/impl/DefaultDependencyCollector$Args;)Lorg/eclipse/aether/resolution/ArtifactDescriptorResult;+27
j  org.eclipse.aether.internal.impl.DefaultDependencyCollector.getArtifactDescriptorResult(Lorg/eclipse/aether/internal/impl/DefaultDependencyCollector$Args;Lorg/eclipse/aether/internal/impl/DefaultDependencyCollector$Results;ZLorg/eclipse/aether/graph/Dependency;Lorg/eclipse/aether/resolution/ArtifactDescriptorRequest;)Lorg/eclipse/aether/resolution/ArtifactDescriptorResult;+31
j  org.eclipse.aether.internal.impl.DefaultDependencyCollector.processDependency(Lorg/eclipse/aether/internal/impl/DefaultDependencyCollector$Args;Lorg/eclipse/aether/internal/impl/DefaultDependencyCollector$Results;Ljava/util/List;Lorg/eclipse/aether/collection/DependencySelector;Lorg/eclipse/aether/collection/DependencyManager;Lorg/eclipse/aether/collection/DependencyTraverser;Lorg/eclipse/aether/collection/VersionFilter;Lorg/eclipse/aether/graph/Dependency;Ljava/util/List;Z)V+214
J 2541 C1 org.eclipse.aether.internal.impl.DefaultDependencyCollector.processDependency(Lorg/eclipse/aether/internal/impl/DefaultDependencyCollector$Args;Lorg/eclipse/aether/internal/impl/DefaultDependencyCollector$Results;Ljava/util/List;Lorg/eclipse/aether/collection/DependencySelector;Lorg/eclipse/aether/collection/DependencyManager;Lorg/eclipse/aether/collection/DependencyTraverser;Lorg/eclipse/aether/collection/VersionFilter;Lorg/eclipse/aether/graph/Dependency;)V (30 bytes) @ 0x0000000003fb5cac [0x0000000003fb5c00+0xac]
j  org.eclipse.aether.internal.impl.DefaultDependencyCollector.process(Lorg/eclipse/aether/internal/impl/DefaultDependencyCollector$Args;Lorg/eclipse/aether/internal/impl/DefaultDependencyCollector$Results;Ljava/util/List;Ljava/util/List;Lorg/eclipse/aether/collection/DependencySelector;Lorg/eclipse/aether/collection/DependencyManager;Lorg/eclipse/aether/collection/DependencyTraverser;Lorg/eclipse/aether/collection/VersionFilter;)V+45
j  org.eclipse.aether.internal.impl.DefaultDependencyCollector.doRecurse(Lorg/eclipse/aether/internal/impl/DefaultDependencyCollector$Args;Lorg/eclipse/aether/internal/impl/DefaultDependencyCollector$Results;Ljava/util/List;Lorg/eclipse/aether/collection/DependencySelector;Lorg/eclipse/aether/collection/DependencyManager;Lorg/eclipse/aether/collection/DependencyTraverser;Lorg/eclipse/aether/collection/VersionFilter;Lorg/eclipse/aether/graph/Dependency;Lorg/eclipse/aether/resolution/ArtifactDescriptorResult;Lorg/eclipse/aether/graph/DefaultDependencyNode;)V+212
j  org.eclipse.aether.internal.impl.DefaultDependencyCollector.processDependency(Lorg/eclipse/aether/internal/impl/DefaultDependencyCollector$Args;Lorg/eclipse/aether/internal/impl/DefaultDependencyCollector$Results;Ljava/util/List;Lorg/eclipse/aether/collection/DependencySelector;Lorg/eclipse/aether/collection/DependencyManager;Lorg/eclipse/aether/collection/DependencyTraverser;Lorg/eclipse/aether/collection/VersionFilter;Lorg/eclipse/aether/graph/Dependency;Ljava/util/List;Z)V+556
J 2541 C1 org.eclipse.aether.internal.impl.DefaultDependencyCollector.processDependency(Lorg/eclipse/aether/internal/impl/DefaultDependencyCollector$Args;Lorg/eclipse/aether/internal/impl/DefaultDependencyCollector$Results;Ljava/util/List;Lorg/eclipse/aether/collection/DependencySelector;Lorg/eclipse/aether/collection/DependencyManager;Lorg/eclipse/aether/collection/DependencyTraverser;Lorg/eclipse/aether/collection/VersionFilter;Lorg/eclipse/aether/graph/Dependency;)V (30 bytes) @ 0x0000000003fb5cac [0x0000000003fb5c00+0xac]
j  org.eclipse.aether.internal.impl.DefaultDependencyCollector.process(Lorg/eclipse/aether/internal/impl/DefaultDependencyCollector$Args;Lorg/eclipse/aether/internal/impl/DefaultDependencyCollector$Results;Ljava/util/List;Ljava/util/List;Lorg/eclipse/aether/collection/DependencySelector;Lorg/eclipse/aether/collection/DependencyManager;Lorg/eclipse/aether/collection/DependencyTraverser;Lorg/eclipse/aether/collection/VersionFilter;)V+45
j  org.eclipse.aether.internal.impl.DefaultDependencyCollector.doRecurse(Lorg/eclipse/aether/internal/impl/DefaultDependencyCollector$Args;Lorg/eclipse/aether/internal/impl/DefaultDependencyCollector$Results;Ljava/util/List;Lorg/eclipse/aether/collection/DependencySelector;Lorg/eclipse/aether/collection/DependencyManager;Lorg/eclipse/aether/collection/DependencyTraverser;Lorg/eclipse/aether/collection/VersionFilter;Lorg/eclipse/aether/graph/Dependency;Lorg/eclipse/aether/resolution/ArtifactDescriptorResult;Lorg/eclipse/aether/graph/DefaultDependencyNode;)V+212
j  org.eclipse.aether.internal.impl.DefaultDependencyCollector.processDependency(Lorg/eclipse/aether/internal/impl/DefaultDependencyCollector$Args;Lorg/eclipse/aether/internal/impl/DefaultDependencyCollector$Results;Ljava/util/List;Lorg/eclipse/aether/collection/DependencySelector;Lorg/eclipse/aether/collection/DependencyManager;Lorg/eclipse/aether/collection/DependencyTraverser;Lorg/eclipse/aether/collection/VersionFilter;Lorg/eclipse/aether/graph/Dependency;Ljava/util/List;Z)V+556
j  org.eclipse.aether.internal.impl.DefaultDependencyCollector.processDependency(Lorg/eclipse/aether/internal/impl/DefaultDependencyCollector$Args;Lorg/eclipse/aether/internal/impl/DefaultDependencyCollector$Results;Ljava/util/List;Lorg/eclipse/aether/collection/DependencySelector;Lorg/eclipse/aether/collection/DependencyManager;Lorg/eclipse/aether/collection/DependencyTraverser;Lorg/eclipse/aether/collection/VersionFilter;Lorg/eclipse/aether/graph/Dependency;)V+26
j  org.eclipse.aether.internal.impl.DefaultDependencyCollector.process(Lorg/eclipse/aether/internal/impl/DefaultDependencyCollector$Args;Lorg/eclipse/aether/internal/impl/DefaultDependencyCollector$Results;Ljava/util/List;Ljava/util/List;Lorg/eclipse/aether/collection/DependencySelector;Lorg/eclipse/aether/collection/DependencyManager;Lorg/eclipse/aether/collection/DependencyTraverser;Lorg/eclipse/aether/collection/VersionFilter;)V+45
j  org.eclipse.aether.internal.impl.DefaultDependencyCollector.doRecurse(Lorg/eclipse/aether/internal/impl/DefaultDependencyCollector$Args;Lorg/eclipse/aether/internal/impl/DefaultDependencyCollector$Results;Ljava/util/List;Lorg/eclipse/aether/collection/DependencySelector;Lorg/eclipse/aether/collection/DependencyManager;Lorg/eclipse/aether/collection/DependencyTraverser;Lorg/eclipse/aether/collection/VersionFilter;Lorg/eclipse/aether/graph/Dependency;Lorg/eclipse/aether/resolution/ArtifactDescriptorResult;Lorg/eclipse/aether/graph/DefaultDependencyNode;)V+212
j  org.eclipse.aether.internal.impl.DefaultDependencyCollector.processDependency(Lorg/eclipse/aether/internal/impl/DefaultDependencyCollector$Args;Lorg/eclipse/aether/internal/impl/DefaultDependencyCollector$Results;Ljava/util/List;Lorg/eclipse/aether/collection/DependencySelector;Lorg/eclipse/aether/collection/DependencyManager;Lorg/eclipse/aether/collection/DependencyTraverser;Lorg/eclipse/aether/collection/VersionFilter;Lorg/eclipse/aether/graph/Dependency;Ljava/util/List;Z)V+556
j  org.eclipse.aether.internal.impl.DefaultDependencyCollector.processDependency(Lorg/eclipse/aether/internal/impl/DefaultDependencyCollector$Args;Lorg/eclipse/aether/internal/impl/DefaultDependencyCollector$Results;Ljava/util/List;Lorg/eclipse/aether/collection/DependencySelector;Lorg/eclipse/aether/collection/DependencyManager;Lorg/eclipse/aether/collection/DependencyTraverser;Lorg/eclipse/aether/collection/VersionFilter;Lorg/eclipse/aether/graph/Dependency;)V+26
j  org.eclipse.aether.internal.impl.DefaultDependencyCollector.process(Lorg/eclipse/aether/internal/impl/DefaultDependencyCollector$Args;Lorg/eclipse/aether/internal/impl/DefaultDependencyCollector$Results;Ljava/util/List;Ljava/util/List;Lorg/eclipse/aether/collection/DependencySelector;Lorg/eclipse/aether/collection/DependencyManager;Lorg/eclipse/aether/collection/DependencyTraverser;Lorg/eclipse/aether/collection/VersionFilter;)V+45
j  org.eclipse.aether.internal.impl.DefaultDependencyCollector.doRecurse(Lorg/eclipse/aether/internal/impl/DefaultDependencyCollector$Args;Lorg/eclipse/aether/internal/impl/DefaultDependencyCollector$Results;Ljava/util/List;Lorg/eclipse/aether/collection/DependencySelector;Lorg/eclipse/aether/collection/DependencyManager;Lorg/eclipse/aether/collection/DependencyTraverser;Lorg/eclipse/aether/collection/VersionFilter;Lorg/eclipse/aether/graph/Dependency;Lorg/eclipse/aether/resolution/ArtifactDescriptorResult;Lorg/eclipse/aether/graph/DefaultDependencyNode;)V+212
j  org.eclipse.aether.internal.impl.DefaultDependencyCollector.processDependency(Lorg/eclipse/aether/internal/impl/DefaultDependencyCollector$Args;Lorg/eclipse/aether/internal/impl/DefaultDependencyCollector$Results;Ljava/util/List;Lorg/eclipse/aether/collection/DependencySelector;Lorg/eclipse/aether/collection/DependencyManager;Lorg/eclipse/aether/collection/DependencyTraverser;Lorg/eclipse/aether/collection/VersionFilter;Lorg/eclipse/aether/graph/Dependency;Ljava/util/List;Z)V+556
j  org.eclipse.aether.internal.impl.DefaultDependencyCollector.processDependency(Lorg/eclipse/aether/internal/impl/DefaultDependencyCollector$Args;Lorg/eclipse/aether/internal/impl/DefaultDependencyCollector$Results;Ljava/util/List;Lorg/eclipse/aether/collection/DependencySelector;Lorg/eclipse/aether/collection/DependencyManager;Lorg/eclipse/aether/collection/DependencyTraverser;Lorg/eclipse/aether/collection/VersionFilter;Lorg/eclipse/aether/graph/Dependency;)V+26
j  org.eclipse.aether.internal.impl.DefaultDependencyCollector.process(Lorg/eclipse/aether/internal/impl/DefaultDependencyCollector$Args;Lorg/eclipse/aether/internal/impl/DefaultDependencyCollector$Results;Ljava/util/List;Ljava/util/List;Lorg/eclipse/aether/collection/DependencySelector;Lorg/eclipse/aether/collection/DependencyManager;Lorg/eclipse/aether/collection/DependencyTraverser;Lorg/eclipse/aether/collection/VersionFilter;)V+45
j  org.eclipse.aether.internal.impl.DefaultDependencyCollector.doRecurse(Lorg/eclipse/aether/internal/impl/DefaultDependencyCollector$Args;Lorg/eclipse/aether/internal/impl/DefaultDependencyCollector$Results;Ljava/util/List;Lorg/eclipse/aether/collection/DependencySelector;Lorg/eclipse/aether/collection/DependencyManager;Lorg/eclipse/aether/collection/DependencyTraverser;Lorg/eclipse/aether/collection/VersionFilter;Lorg/eclipse/aether/graph/Dependency;Lorg/eclipse/aether/resolution/ArtifactDescriptorResult;Lorg/eclipse/aether/graph/DefaultDependencyNode;)V+212
j  org.eclipse.aether.internal.impl.DefaultDependencyCollector.processDependency(Lorg/eclipse/aether/internal/impl/DefaultDependencyCollector$Args;Lorg/eclipse/aether/internal/impl/DefaultDependencyCollector$Results;Ljava/util/List;Lorg/eclipse/aether/collection/DependencySelector;Lorg/eclipse/aether/collection/DependencyManager;Lorg/eclipse/aether/collection/DependencyTraverser;Lorg/eclipse/aether/collection/VersionFilter;Lorg/eclipse/aether/graph/Dependency;Ljava/util/List;Z)V+556
j  org.eclipse.aether.internal.impl.DefaultDependencyCollector.processDependency(Lorg/eclipse/aether/internal/impl/DefaultDependencyCollector$Args;Lorg/eclipse/aether/internal/impl/DefaultDependencyCollector$Results;Ljava/util/List;Lorg/eclipse/aether/collection/DependencySelector;Lorg/eclipse/aether/collection/DependencyManager;Lorg/eclipse/aether/collection/DependencyTraverser;Lorg/eclipse/aether/collection/VersionFilter;Lorg/eclipse/aether/graph/Dependency;)V+26
j  org.eclipse.aether.internal.impl.DefaultDependencyCollector.process(Lorg/eclipse/aether/internal/impl/DefaultDependencyCollector$Args;Lorg/eclipse/aether/internal/impl/DefaultDependencyCollector$Results;Ljava/util/List;Ljava/util/List;Lorg/eclipse/aether/collection/DependencySelector;Lorg/eclipse/aether/collection/DependencyManager;Lorg/eclipse/aether/collection/DependencyTraverser;Lorg/eclipse/aether/collection/VersionFilter;)V+45
j  org.eclipse.aether.internal.impl.DefaultDependencyCollector.collectDependencies(Lorg/eclipse/aether/RepositorySystemSession;Lorg/eclipse/aether/collection/CollectRequest;)Lorg/eclipse/aether/collection/CollectResult;+735
j  org.eclipse.aether.internal.impl.DefaultRepositorySystem.collectDependencies(Lorg/eclipse/aether/RepositorySystemSession;Lorg/eclipse/aether/collection/CollectRequest;)Lorg/eclipse/aether/collection/CollectResult;+11
j  org.apache.maven.project.DefaultProjectDependenciesResolver.resolve(Lorg/apache/maven/project/DependencyResolutionRequest;)Lorg/apache/maven/project/DependencyResolutionResult;+678
j  org.apache.maven.lifecycle.internal.LifecycleDependencyResolver.getDependencies(Lorg/apache/maven/project/MavenProject;Ljava/util/Collection;Ljava/util/Collection;Lorg/apache/maven/execution/MavenSession;ZLjava/util/Set;)Ljava/util/Set;+152
j  org.apache.maven.lifecycle.internal.LifecycleDependencyResolver.resolveProjectDependencies(Lorg/apache/maven/project/MavenProject;Ljava/util/Collection;Ljava/util/Collection;Lorg/apache/maven/execution/MavenSession;ZLjava/util/Set;)V+80
j  org.apache.maven.lifecycle.internal.MojoExecutor.ensureDependenciesAreResolved(Lorg/apache/maven/plugin/descriptor/MojoDescriptor;Lorg/apache/maven/execution/MavenSession;Lorg/apache/maven/lifecycle/internal/DependencyContext;)V+47
j  org.apache.maven.lifecycle.internal.MojoExecutor.execute(Lorg/apache/maven/execution/MavenSession;Lorg/apache/maven/plugin/MojoExecution;Lorg/apache/maven/lifecycle/internal/ProjectIndex;Lorg/apache/maven/lifecycle/internal/DependencyContext;)V+197
j  org.apache.maven.lifecycle.internal.MojoExecutor.execute(Lorg/apache/maven/execution/MavenSession;Lorg/apache/maven/plugin/MojoExecution;Lorg/apache/maven/lifecycle/internal/ProjectIndex;Lorg/apache/maven/lifecycle/internal/DependencyContext;Lorg/apache/maven/lifecycle/internal/PhaseRecorder;)V+6
j  org.apache.maven.lifecycle.internal.MojoExecutor.execute(Lorg/apache/maven/execution/MavenSession;Ljava/util/List;Lorg/apache/maven/lifecycle/internal/ProjectIndex;)V+60
j  org.apache.maven.lifecycle.internal.MojoExecutor.executeForkedExecutions(Lorg/apache/maven/plugin/MojoExecution;Lorg/apache/maven/execution/MavenSession;Lorg/apache/maven/lifecycle/internal/ProjectIndex;)Ljava/util/List;+242
j  org.apache.maven.lifecycle.internal.MojoExecutor.execute(Lorg/apache/maven/execution/MavenSession;Lorg/apache/maven/plugin/MojoExecution;Lorg/apache/maven/lifecycle/internal/ProjectIndex;Lorg/apache/maven/lifecycle/internal/DependencyContext;)V+186
j  org.apache.maven.lifecycle.internal.MojoExecutor.execute(Lorg/apache/maven/execution/MavenSession;Lorg/apache/maven/plugin/MojoExecution;Lorg/apache/maven/lifecycle/internal/ProjectIndex;Lorg/apache/maven/lifecycle/internal/DependencyContext;Lorg/apache/maven/lifecycle/internal/PhaseRecorder;)V+6
j  org.apache.maven.lifecycle.internal.MojoExecutor.execute(Lorg/apache/maven/execution/MavenSession;Ljava/util/List;Lorg/apache/maven/lifecycle/internal/ProjectIndex;)V+60
j  org.apache.maven.lifecycle.internal.LifecycleModuleBuilder.buildProject(Lorg/apache/maven/execution/MavenSession;Lorg/apache/maven/execution/MavenSession;Lorg/apache/maven/lifecycle/internal/ReactorContext;Lorg/apache/maven/project/MavenProject;Lorg/apache/maven/lifecycle/internal/TaskSegment;)V+180
j  org.apache.maven.lifecycle.internal.LifecycleModuleBuilder.buildProject(Lorg/apache/maven/execution/MavenSession;Lorg/apache/maven/lifecycle/internal/ReactorContext;Lorg/apache/maven/project/MavenProject;Lorg/apache/maven/lifecycle/internal/TaskSegment;)V+7
j  org.apache.maven.lifecycle.internal.builder.singlethreaded.SingleThreadedBuilder.build(Lorg/apache/maven/execution/MavenSession;Lorg/apache/maven/lifecycle/internal/ReactorContext;Lorg/apache/maven/lifecycle/internal/ProjectBuildList;Ljava/util/List;Lorg/apache/maven/lifecycle/internal/ReactorBuildStatus;)V+77
j  org.apache.maven.lifecycle.internal.LifecycleStarter.execute(Lorg/apache/maven/execution/MavenSession;)V+353
j  org.apache.maven.DefaultMaven.doExecute(Lorg/apache/maven/execution/MavenExecutionRequest;Lorg/apache/maven/execution/MavenSession;Lorg/apache/maven/execution/MavenExecutionResult;Lorg/eclipse/aether/DefaultRepositorySystemSession;)Lorg/apache/maven/execution/MavenExecutionResult;+414
j  org.apache.maven.DefaultMaven.doExecute(Lorg/apache/maven/execution/MavenExecutionRequest;)Lorg/apache/maven/execution/MavenExecutionResult;+99
j  org.apache.maven.DefaultMaven.execute(Lorg/apache/maven/execution/MavenExecutionRequest;)Lorg/apache/maven/execution/MavenExecutionResult;+2
j  org.apache.maven.cli.MavenCli.execute(Lorg/apache/maven/cli/CliRequest;)I+27
j  org.apache.maven.cli.MavenCli.doMain(Lorg/apache/maven/cli/CliRequest;)I+66
j  org.apache.maven.cli.MavenCli.main([Ljava/lang/String;Lorg/codehaus/plexus/classworlds/ClassWorld;)I+18
v  ~StubRoutines::call_stub
j  sun.reflect.NativeMethodAccessorImpl.invoke0(Ljava/lang/reflect/Method;Ljava/lang/Object;[Ljava/lang/Object;)Ljava/lang/Object;+0
j  sun.reflect.NativeMethodAccessorImpl.invoke(Ljava/lang/Object;[Ljava/lang/Object;)Ljava/lang/Object;+100
j  sun.reflect.DelegatingMethodAccessorImpl.invoke(Ljava/lang/Object;[Ljava/lang/Object;)Ljava/lang/Object;+6
j  java.lang.reflect.Method.invoke(Ljava/lang/Object;[Ljava/lang/Object;)Ljava/lang/Object;+56
j  org.codehaus.plexus.classworlds.launcher.Launcher.launchEnhanced([Ljava/lang/String;)V+45
j  org.codehaus.plexus.classworlds.launcher.Launcher.launch([Ljava/lang/String;)V+2
j  org.codehaus.plexus.classworlds.launcher.Launcher.mainWithExitCode([Ljava/lang/String;)I+101
j  org.codehaus.plexus.classworlds.launcher.Launcher.main([Ljava/lang/String;)V+1
j  org.codehaus.classworlds.Launcher.main([Ljava/lang/String;)V+1
v  ~StubRoutines::call_stub

---------------  P R O C E S S  ---------------

Java Threads: ( => current thread )
  0x000000001e174800 JavaThread "Service Thread" daemon [_thread_blocked, id=22388, stack(0x000000001eab0000,0x000000001ebb0000)]
  0x000000001e133000 JavaThread "C1 CompilerThread2" daemon [_thread_blocked, id=28168, stack(0x000000001e9b0000,0x000000001eab0000)]
  0x000000001e0eb800 JavaThread "C2 CompilerThread1" daemon [_thread_in_native, id=3756, stack(0x000000001e8b0000,0x000000001e9b0000)]
  0x000000001e0e7800 JavaThread "C2 CompilerThread0" daemon [_thread_in_native, id=3420, stack(0x000000001e7b0000,0x000000001e8b0000)]
  0x000000001e0e6000 JavaThread "Monitor Ctrl-Break" daemon [_thread_in_native, id=27040, stack(0x000000001e6b0000,0x000000001e7b0000)]
  0x000000001cd60000 JavaThread "Attach Listener" daemon [_thread_blocked, id=11372, stack(0x000000001e5b0000,0x000000001e6b0000)]
  0x000000001e0b8800 JavaThread "Signal Dispatcher" daemon [_thread_blocked, id=8696, stack(0x000000001e4b0000,0x000000001e5b0000)]
  0x000000000371d800 JavaThread "Finalizer" daemon [_thread_blocked, id=19972, stack(0x000000001dfb0000,0x000000001e0b0000)]
  0x0000000003712000 JavaThread "Reference Handler" daemon [_thread_blocked, id=29048, stack(0x000000001deb0000,0x000000001dfb0000)]
=>0x0000000003622800 JavaThread "main" [_thread_in_vm, id=2520, stack(0x0000000003410000,0x0000000003510000)]

Other Threads:
  0x000000001cd17800 VMThread [stack: 0x000000001ddb0000,0x000000001deb0000] [id=20072]
  0x000000001e1c2000 WatcherThread [stack: 0x000000001ebb0000,0x000000001ecb0000] [id=23164]

VM state:not at safepoint (normal execution)

VM Mutex/Monitor currently owned by a thread: None

Heap:
 PSYoungGen      total 76288K, used 59152K [0x000000076b000000, 0x0000000770500000, 0x00000007c0000000)
  eden space 65536K, 73% used [0x000000076b000000,0x000000076df49a00,0x000000076f000000)
  from space 10752K, 99% used [0x000000076fa80000,0x00000007704fa630,0x0000000770500000)
  to   space 10752K, 0% used [0x000000076f000000,0x000000076f000000,0x000000076fa80000)
 ParOldGen       total 175104K, used 2370K [0x00000006c1000000, 0x00000006cbb00000, 0x000000076b000000)
  object space 175104K, 1% used [0x00000006c1000000,0x00000006c1250818,0x00000006cbb00000)
 Metaspace       used 15536K, capacity 15804K, committed 16128K, reserved 1062912K
  class space    used 1871K, capacity 1946K, committed 2048K, reserved 1048576K

Card table byte_map: [0x0000000012ae0000,0x00000000132e0000] byte_map_base: 0x000000000f4d8000

Marking Bits: (ParMarkBitMap*) 0x0000000054ecd850
 Begin Bits: [0x0000000013c30000, 0x0000000017bf0000)
 End Bits:   [0x0000000017bf0000, 0x000000001bbb0000)

Polling page: 0x0000000001330000

CodeCache: size=245760Kb used=8781Kb max_used=8781Kb free=236978Kb
 bounds [0x0000000003720000, 0x0000000003fc0000, 0x0000000012720000]
 total_blobs=2886 nmethods=2541 adapters=257
 compilation: enabled

Compilation events (10 events):
Event: 2.696 Thread 0x000000001e133000 2551       1       org.eclipse.aether.repository.RemoteRepository::getHost (5 bytes)
Event: 2.696 Thread 0x000000001e133000 nmethod 2551 0x0000000003fb7e90 code [0x0000000003fb7fe0, 0x0000000003fb80f0]
Event: 2.696 Thread 0x000000001e133000 2553       2       org.eclipse.aether.internal.impl.DefaultRemoteRepositoryManager::aggregateRepositories (336 bytes)
Event: 2.697 Thread 0x000000001e133000 nmethod 2553 0x0000000003fb8150 code [0x0000000003fb8440, 0x0000000003fb9288]
Event: 2.697 Thread 0x000000001e133000 2554       2       org.eclipse.aether.graph.Dependency$Exclusions::<init> (53 bytes)
Event: 2.697 Thread 0x000000001e133000 nmethod 2554 0x0000000003fba450 code [0x0000000003fba620, 0x0000000003fbaad8]
Event: 2.697 Thread 0x000000001e133000 2552       1       org.eclipse.aether.repository.RemoteRepository::getProtocol (5 bytes)
Event: 2.697 Thread 0x000000001e133000 nmethod 2552 0x0000000003fbad50 code [0x0000000003fbaea0, 0x0000000003fbafb0]
Event: 2.704 Thread 0x000000001e133000 2555       2       org.apache.maven.model.Organization::setLocation (35 bytes)
Event: 2.704 Thread 0x000000001e133000 nmethod 2555 0x0000000003fbb010 code [0x0000000003fbb180, 0x0000000003fbb3a8]

GC Heap History (4 events):
Event: 1.047 GC heap before
{Heap before GC invocations=1 (full 0):
 PSYoungGen      total 76288K, used 65536K [0x000000076b000000, 0x0000000770500000, 0x00000007c0000000)
  eden space 65536K, 100% used [0x000000076b000000,0x000000076f000000,0x000000076f000000)
  from space 10752K, 0% used [0x000000076fa80000,0x000000076fa80000,0x0000000770500000)
  to   space 10752K, 0% used [0x000000076f000000,0x000000076f000000,0x000000076fa80000)
 ParOldGen       total 175104K, used 0K [0x00000006c1000000, 0x00000006cbb00000, 0x000000076b000000)
  object space 175104K, 0% used [0x00000006c1000000,0x00000006c1000000,0x00000006cbb00000)
 Metaspace       used 11300K, capacity 11562K, committed 11776K, reserved 1058816K
  class space    used 1413K, capacity 1511K, committed 1536K, reserved 1048576K
Event: 1.057 GC heap after
Heap after GC invocations=1 (full 0):
 PSYoungGen      total 76288K, used 9249K [0x000000076b000000, 0x0000000770500000, 0x00000007c0000000)
  eden space 65536K, 0% used [0x000000076b000000,0x000000076b000000,0x000000076f000000)
  from space 10752K, 86% used [0x000000076f000000,0x000000076f9086c0,0x000000076fa80000)
  to   space 10752K, 0% used [0x000000076fa80000,0x000000076fa80000,0x0000000770500000)
 ParOldGen       total 175104K, used 16K [0x00000006c1000000, 0x00000006cbb00000, 0x000000076b000000)
  object space 175104K, 0% used [0x00000006c1000000,0x00000006c1004000,0x00000006cbb00000)
 Metaspace       used 11300K, capacity 11562K, committed 11776K, reserved 1058816K
  class space    used 1413K, capacity 1511K, committed 1536K, reserved 1048576K
}
Event: 2.047 GC heap before
{Heap before GC invocations=2 (full 0):
 PSYoungGen      total 76288K, used 74785K [0x000000076b000000, 0x0000000770500000, 0x00000007c0000000)
  eden space 65536K, 100% used [0x000000076b000000,0x000000076f000000,0x000000076f000000)
  from space 10752K, 86% used [0x000000076f000000,0x000000076f9086c0,0x000000076fa80000)
  to   space 10752K, 0% used [0x000000076fa80000,0x000000076fa80000,0x0000000770500000)
 ParOldGen       total 175104K, used 16K [0x00000006c1000000, 0x00000006cbb00000, 0x000000076b000000)
  object space 175104K, 0% used [0x00000006c1000000,0x00000006c1004000,0x00000006cbb00000)
 Metaspace       used 15011K, capacity 15316K, committed 15488K, reserved 1062912K
  class space    used 1837K, capacity 1912K, committed 1920K, reserved 1048576K
Event: 2.079 GC heap after
Heap after GC invocations=2 (full 0):
 PSYoungGen      total 76288K, used 10729K [0x000000076b000000, 0x0000000770500000, 0x00000007c0000000)
  eden space 65536K, 0% used [0x000000076b000000,0x000000076b000000,0x000000076f000000)
  from space 10752K, 99% used [0x000000076fa80000,0x00000007704fa630,0x0000000770500000)
  to   space 10752K, 0% used [0x000000076f000000,0x000000076f000000,0x000000076fa80000)
 ParOldGen       total 175104K, used 2370K [0x00000006c1000000, 0x00000006cbb00000, 0x000000076b000000)
  object space 175104K, 1% used [0x00000006c1000000,0x00000006c1250818,0x00000006cbb00000)
 Metaspace       used 15011K, capacity 15316K, committed 15488K, reserved 1062912K
  class space    used 1837K, capacity 1912K, committed 1920K, reserved 1048576K
}

Deoptimization events (10 events):
Event: 2.321 Thread 0x0000000003622800 Uncommon trap: reason=unstable_if action=reinterpret pc=0x00000000039b66e4 method=java.util.HashMap.hash(Ljava/lang/Object;)I @ 1
Event: 2.324 Thread 0x0000000003622800 Uncommon trap: reason=unstable_if action=reinterpret pc=0x00000000039f0968 method=java.util.HashMap.hash(Ljava/lang/Object;)I @ 1
Event: 2.394 Thread 0x0000000003622800 Uncommon trap: reason=unstable_if action=reinterpret pc=0x0000000003d37ecc method=java.util.HashMap.hash(Ljava/lang/Object;)I @ 1
Event: 2.394 Thread 0x0000000003622800 Uncommon trap: reason=unstable_if action=reinterpret pc=0x0000000003cbe92c method=java.util.HashMap.hash(Ljava/lang/Object;)I @ 1
Event: 2.394 Thread 0x0000000003622800 Uncommon trap: reason=unstable_if action=reinterpret pc=0x0000000003a51dac method=java.util.HashMap.hash(Ljava/lang/Object;)I @ 1
Event: 2.396 Thread 0x0000000003622800 Uncommon trap: reason=unstable_if action=reinterpret pc=0x0000000003f6870c method=java.util.HashMap$HashIterator.<init>(Ljava/util/HashMap;)V @ 45
Event: 2.639 Thread 0x0000000003622800 Uncommon trap: reason=unstable_if action=reinterpret pc=0x0000000003f538e0 method=org.codehaus.plexus.util.xml.pull.MXParser.nextImpl()I @ 972
Event: 2.640 Thread 0x0000000003622800 Uncommon trap: reason=class_check action=maybe_recompile pc=0x0000000003de6658 method=org.apache.maven.model.interpolation.StringSearchModelInterpolator$InterpolateObjectAction$MapField.doInterpolate(Ljava/lang/Object;Lorg/apache/maven/model/interpolation
Event: 2.640 Thread 0x0000000003622800 Uncommon trap: reason=class_check action=maybe_recompile pc=0x0000000003de6658 method=org.apache.maven.model.interpolation.StringSearchModelInterpolator$InterpolateObjectAction$MapField.doInterpolate(Ljava/lang/Object;Lorg/apache/maven/model/interpolation
Event: 2.640 Thread 0x0000000003622800 Uncommon trap: reason=class_check action=maybe_recompile pc=0x0000000003de6658 method=org.apache.maven.model.interpolation.StringSearchModelInterpolator$InterpolateObjectAction$MapField.doInterpolate(Ljava/lang/Object;Lorg/apache/maven/model/interpolation

Internal exceptions (10 events):
Event: 1.247 Thread 0x0000000003622800 Exception <a 'java/lang/NoClassDefFoundError': javax/annotation/Priority> (0x000000076bc4b180) thrown at [C:\re\workspace\8-2-build-windows-amd64-cygwin\jdk8u151\9699\hotspot\src\share\vm\classfile\systemDictionary.cpp, line 199]
Event: 1.358 Thread 0x0000000003622800 Implicit null exception at 0x00000000038db69c to 0x00000000038db879
Event: 1.566 Thread 0x0000000003622800 Implicit null exception at 0x0000000003cbb327 to 0x0000000003cbc629
Event: 2.193 Thread 0x0000000003622800 Implicit null exception at 0x0000000003e62e44 to 0x0000000003e6536d
Event: 2.196 Thread 0x0000000003622800 Implicit null exception at 0x0000000003edb883 to 0x0000000003edbacd
Event: 2.321 Thread 0x0000000003622800 Implicit null exception at 0x00000000039b64d5 to 0x00000000039b66d5
Event: 2.324 Thread 0x0000000003622800 Implicit null exception at 0x00000000039f08ef to 0x00000000039f0959
Event: 2.394 Thread 0x0000000003622800 Implicit null exception at 0x0000000003d37c0c to 0x0000000003d37eb5
Event: 2.394 Thread 0x0000000003622800 Implicit null exception at 0x0000000003cbe0b3 to 0x0000000003cbe915
Event: 2.394 Thread 0x0000000003622800 Implicit null exception at 0x0000000003a5177b to 0x0000000003a51d91

Events (10 events):
Event: 2.640 Thread 0x0000000003622800 Uncommon trap: trap_request=0xffffffde fr.pc=0x0000000003de6658
Event: 2.640 Thread 0x0000000003622800 DEOPT PACKING pc=0x0000000003de6658 sp=0x000000000350bc00
Event: 2.640 Thread 0x0000000003622800 DEOPT UNPACKING pc=0x000000000376582a sp=0x000000000350bb78 mode 2
Event: 2.640 Thread 0x0000000003622800 Uncommon trap: trap_request=0xffffffde fr.pc=0x0000000003de6658
Event: 2.640 Thread 0x0000000003622800 DEOPT PACKING pc=0x0000000003de6658 sp=0x000000000350bc00
Event: 2.640 Thread 0x0000000003622800 DEOPT UNPACKING pc=0x000000000376582a sp=0x000000000350bb78 mode 2
Event: 2.667 loading class com/google/inject/internal/InternalContext$1
Event: 2.667 loading class com/google/inject/internal/InternalContext$1 done
Event: 2.704 Executing VM operation: ForceSafepoint
Event: 2.704 Executing VM operation: ForceSafepoint done


Dynamic libraries:
0x00007ff645380000 - 0x00007ff6453b7000 	C:\Program Files\Java\jdk1.8.0_151\bin\java.exe
0x00007ff8cbb30000 - 0x00007ff8cbd25000 	C:\WINDOWS\SYSTEM32\ntdll.dll
0x00007ff8cad90000 - 0x00007ff8cae4d000 	C:\WINDOWS\System32\KERNEL32.DLL
0x00007ff8c96e0000 - 0x00007ff8c99a7000 	C:\WINDOWS\System32\KERNELBASE.dll
0x00007ff8cb500000 - 0x00007ff8cb5aa000 	C:\WINDOWS\System32\ADVAPI32.dll
0x00007ff8caf10000 - 0x00007ff8cafae000 	C:\WINDOWS\System32\msvcrt.dll
0x00007ff8cb3f0000 - 0x00007ff8cb48b000 	C:\WINDOWS\System32\sechost.dll
0x00007ff8cb5b0000 - 0x00007ff8cb6d3000 	C:\WINDOWS\System32\RPCRT4.dll
0x00007ff8c9ba0000 - 0x00007ff8c9d40000 	C:\WINDOWS\System32\USER32.dll
0x00007ff8c9b40000 - 0x00007ff8c9b62000 	C:\WINDOWS\System32\win32u.dll
0x00007ff8cad00000 - 0x00007ff8cad2a000 	C:\WINDOWS\System32\GDI32.dll
0x00007ff8c99b0000 - 0x00007ff8c9aba000 	C:\WINDOWS\System32\gdi32full.dll
0x00007ff8c93e0000 - 0x00007ff8c947d000 	C:\WINDOWS\System32\msvcp_win.dll
0x00007ff8c9480000 - 0x00007ff8c9580000 	C:\WINDOWS\System32\ucrtbase.dll
0x00007ff8bcf00000 - 0x00007ff8bd19a000 	C:\WINDOWS\WinSxS\amd64_microsoft.windows.common-controls_6595b64144ccf1df_6.0.19041.1_none_b555e41d4684ddec\COMCTL32.dll
0x00007ff8cb2a0000 - 0x00007ff8cb2d0000 	C:\WINDOWS\System32\IMM32.DLL
0x0000000054f50000 - 0x0000000055022000 	C:\Program Files\Java\jdk1.8.0_151\jre\bin\msvcr100.dll
0x00000000546b0000 - 0x0000000054f4d000 	C:\Program Files\Java\jdk1.8.0_151\jre\bin\server\jvm.dll
0x00007ff8ca360000 - 0x00007ff8ca368000 	C:\WINDOWS\System32\PSAPI.DLL
0x00007ff8c6b50000 - 0x00007ff8c6b59000 	C:\WINDOWS\SYSTEM32\WSOCK32.dll
0x00007ff8c2e60000 - 0x00007ff8c2e6a000 	C:\WINDOWS\SYSTEM32\VERSION.dll
0x00007ff8bced0000 - 0x00007ff8bcef7000 	C:\WINDOWS\SYSTEM32\WINMM.dll
0x00007ff8cb490000 - 0x00007ff8cb4fb000 	C:\WINDOWS\System32\WS2_32.dll
0x00000000546a0000 - 0x00000000546af000 	C:\Program Files\Java\jdk1.8.0_151\jre\bin\verify.dll
0x0000000054670000 - 0x0000000054699000 	C:\Program Files\Java\jdk1.8.0_151\jre\bin\java.dll
0x0000000054640000 - 0x0000000054663000 	C:\Program Files\Java\jdk1.8.0_151\jre\bin\instrument.dll
0x0000000054620000 - 0x0000000054636000 	C:\Program Files\Java\jdk1.8.0_151\jre\bin\zip.dll
0x00007ff8ca410000 - 0x00007ff8cab50000 	C:\WINDOWS\System32\SHELL32.dll
0x00007ff8c7420000 - 0x00007ff8c7bb1000 	C:\WINDOWS\SYSTEM32\windows.storage.dll
0x00007ff8cb6e0000 - 0x00007ff8cba33000 	C:\WINDOWS\System32\combase.dll
0x00007ff8c8c30000 - 0x00007ff8c8c5c000 	C:\WINDOWS\SYSTEM32\Wldp.dll
0x00007ff8cba40000 - 0x00007ff8cbaee000 	C:\WINDOWS\System32\SHCORE.dll
0x00007ff8cad30000 - 0x00007ff8cad85000 	C:\WINDOWS\System32\shlwapi.dll
0x00007ff8c91c0000 - 0x00007ff8c91df000 	C:\WINDOWS\SYSTEM32\profapi.dll
0x00007ff8c2790000 - 0x00007ff8c27aa000 	C:\Program Files\JetBrains\IntelliJ IDEA 2017.2.6\bin\breakgen64.dll
0x0000000054600000 - 0x000000005461a000 	C:\Program Files\Java\jdk1.8.0_151\jre\bin\net.dll
0x00007ff8c89b0000 - 0x00007ff8c8a1a000 	C:\WINDOWS\system32\mswsock.dll
0x00000000545e0000 - 0x00000000545f1000 	C:\Program Files\Java\jdk1.8.0_151\jre\bin\nio.dll

VM Arguments:
jvm_args: -Dmaven.multiModuleProjectDirectory=C:\Users\mj975\Downloads\mall\order -Dmaven.home=C:\Program Files\JetBrains\IntelliJ IDEA 2017.2.6\plugins\maven\lib\maven3 -Dclassworlds.conf=C:\Program Files\JetBrains\IntelliJ IDEA 2017.2.6\plugins\maven\lib\maven3\bin\m2.conf -javaagent:C:\Program Files\JetBrains\IntelliJ IDEA 2017.2.6\lib\idea_rt.jar=5686:C:\Program Files\JetBrains\IntelliJ IDEA 2017.2.6\bin -Dfile.encoding=UTF-8 
java_command: org.codehaus.classworlds.Launcher -Didea.version=2017.2.7 org.springframework.boot:spring-boot-maven-plugin:2.1.9.RELEASE:run
java_class_path (initial): C:\Program Files\JetBrains\IntelliJ IDEA 2017.2.6\plugins\maven\lib\maven3\boot\plexus-classworlds-2.5.2.jar;C:\Program Files\JetBrains\IntelliJ IDEA 2017.2.6\lib\idea_rt.jar
Launcher Type: SUN_STANDARD

Environment Variables:
PATH=D:\app\oracle\product\12.1.0\dbhome_1\bin;C:\Program Files (x86)\NAT Service;C:\Program Files (x86)\Common Files\Oracle\Java\javapath;C:\ProgramData\Oracle\Java\javapath;C:\Program Files\NVIDIA GPU Computing Toolkit\CUDA\v8.0\bin;C:\Program Files\NVIDIA GPU Computing Toolkit\CUDA\v8.0\libnvvp;C:\Program Files\Python36\Scripts\;C:\Program Files\Python36\;C:\Windows\system32;C:\Windows;C:\Windows\System32\Wbem;C:\Windows\System32\WindowsPowerShell\v1.0\;C:\Program Files (x86)\NVIDIA Corporation\PhysX\Common;C:\Program Files\NVIDIA GPU Computing Toolkit\CUDA\v8.0\cuda\bin;C:\Program Files\NVIDIA GPU Computing Toolkit\CUDA\v8.0;C:\Program Files\NVIDIA GPU Computing Toolkit\CUDA\v8.0\cuda\;C:\Program Files\Git\cmd;C:\Program Files\dotnet\;C:\WINDOWS\system32;C:\WINDOWS;C:\WINDOWS\System32\Wbem;C:\WINDOWS\System32\WindowsPowerShell\v1.0\;C:\WINDOWS\System32\OpenSSH\;C:\Users\mj975\AppData\Roaming\nvm;C:\Program Files\nodejs;C:\Program Files\Python36\Scripts;C:\Users\mj975\anaconda3;C:\Users\mj975\anaconda3\Library\mingw-w64\bin;C:\Users\mj975\anaconda3\Library\usr\bin;C:\Users\mj975\anaconda3\Library\bin;C:\Users\mj975\anaconda3\Scripts;C:\Users\mj975\AppData\Local\Microsoft\WindowsApps;C:\Program Files\Bandizip\;C:\Users\mj975\AppData\Roaming\nvm;C:\Program Files\nodejs;C:\Users\mj975\AppData\Local\Programs\Microsoft VS Code\bin;
USERNAME=mj975
OS=Windows_NT
PROCESSOR_IDENTIFIER=Intel64 Family 6 Model 94 Stepping 3, GenuineIntel



---------------  S Y S T E M  ---------------

OS: Windows 10.0 , 64 bit Build 19041 (10.0.19041.292)

CPU:total 4 (initial active 4) (4 cores per cpu, 1 threads per core) family 6 model 94 stepping 3, cmov, cx8, fxsr, mmx, sse, sse2, sse3, ssse3, sse4.1, sse4.2, popcnt, avx, avx2, aes, clmul, erms, rtm, 3dnowpref, lzcnt, tsc, tscinvbit, bmi1, bmi2, adx

Memory: 4k page, physical 16708576k(3627200k free), swap 39489404k(5148k free)

vm_info: Java HotSpot(TM) 64-Bit Server VM (25.151-b12) for windows-amd64 JRE (1.8.0_151-b12), built on Sep  5 2017 19:33:46 by "java_re" with MS VC++ 10.0 (VS2010)

time: Thu Sep 24 14:42:29 2020
elapsed time: 2 seconds (0d 0h 0m 2s)

