#
# There is insufficient memory for the Java Runtime Environment to continue.
# Native memory allocation (malloc) failed to allocate 2132176 bytes for Chunk::new
# Possible reasons:
#   The system is out of physical RAM or swap space
#   In 32 bit mode, the process size limit was hit
# Possible solutions:
#   Reduce memory load on the system
#   Increase physical memory or swap space
#   Check if swap backing store is full
#   Use 64 bit Java on a 64 bit OS
#   Decrease Java heap size (-Xmx/-Xms)
#   Decrease number of Java threads
#   Decrease Java thread stack sizes (-Xss)
#   Set larger code cache with -XX:ReservedCodeCacheSize=
# This output file may be truncated or incomplete.
#
#  Out of Memory Error (allocation.cpp:390), pid=14948, tid=0x0000000000004064
#
# JRE version: Java(TM) SE Runtime Environment (8.0_151-b12) (build 1.8.0_151-b12)
# Java VM: Java HotSpot(TM) 64-Bit Server VM (25.151-b12 mixed mode windows-amd64 compressed oops)
# Failed to write core dump. Minidumps are not enabled by default on client versions of Windows
#

---------------  T H R E A D  ---------------

Current thread (0x000000001dfa8000):  JavaThread "C2 CompilerThread0" daemon [_thread_in_native, id=16484, stack(0x000000001e670000,0x000000001e770000)]

Stack: [0x000000001e670000,0x000000001e770000]
[error occurred during error reporting (printing stack bounds), id 0xc0000005]

Native frames: (J=compiled Java code, j=interpreted, Vv=VM code, C=native code)


Current CompileTask:
C2:  18312 7784   !   4       org.apache.tomcat.util.IntrospectionUtils::setProperty (736 bytes)


---------------  P R O C E S S  ---------------

Java Threads: ( => current thread )
  0x000000001f421000 JavaThread "main" [_thread_in_vm, id=11784, stack(0x0000000024040000,0x0000000024140000)]
  0x000000001e043800 JavaThread "Service Thread" daemon [_thread_blocked, id=32508, stack(0x000000001e970000,0x000000001ea70000)]
  0x000000001dfba000 JavaThread "C1 CompilerThread2" daemon [_thread_blocked, id=26564, stack(0x000000001e870000,0x000000001e970000)]
  0x000000001dfad800 JavaThread "C2 CompilerThread1" daemon [_thread_in_native, id=11796, stack(0x000000001e770000,0x000000001e870000)]
=>0x000000001dfa8000 JavaThread "C2 CompilerThread0" daemon [_thread_in_native, id=16484, stack(0x000000001e670000,0x000000001e770000)]
  0x000000001df9d000 JavaThread "Monitor Ctrl-Break" daemon [_thread_in_native, id=21732, stack(0x000000001e570000,0x000000001e670000)]
  0x000000001cbe4800 JavaThread "Attach Listener" daemon [_thread_blocked, id=28080, stack(0x000000001e470000,0x000000001e570000)]
  0x000000001cba1000 JavaThread "Signal Dispatcher" daemon [_thread_blocked, id=27620, stack(0x000000001e370000,0x000000001e470000)]
  0x0000000003558800 JavaThread "Finalizer" daemon [_thread_blocked, id=10596, stack(0x000000001dde0000,0x000000001dee0000)]
  0x0000000003553000 JavaThread "Reference Handler" daemon [_thread_blocked, id=6800, stack(0x000000001dce0000,0x000000001dde0000)]
  0x0000000003462800 JavaThread "main" [_thread_blocked, id=8564, stack(0x0000000002e00000,0x0000000002f00000)]

Other Threads:
  0x000000001cb57800 VMThread [stack: 0x000000001dbe0000,0x000000001dce0000] [id=14488]
  0x000000001e064000 WatcherThread [stack: 0x000000001ea70000,0x000000001eb70000] [id=21856]

VM state:not at safepoint (normal execution)

VM Mutex/Monitor currently owned by a thread:  ([mutex/lock_event])
[0x000000000345db40] SystemDictionary_lock - owner thread: 0x0000000000000000

Heap:
 PSYoungGen      total 253440K, used 57632K [0x000000076b000000, 0x000000077d480000, 0x00000007c0000000)
  eden space 236032K, 24% used [0x000000076b000000,0x000000076e848070,0x0000000779680000)
  from space 17408K, 0% used [0x000000077c380000,0x000000077c380000,0x000000077d480000)
  to   space 26112K, 0% used [0x000000077aa00000,0x000000077aa00000,0x000000077c380000)
 ParOldGen       total 243200K, used 62380K [0x00000006c1000000, 0x00000006cfd80000, 0x000000076b000000)
  object space 243200K, 25% used [0x00000006c1000000,0x00000006c4ceb258,0x00000006cfd80000)
 Metaspace       used 58856K, capacity 61278K, committed 61464K, reserved 1101824K
  class space    used 7632K, capacity 8113K, committed 8216K, reserved 1048576K

Card table byte_map: [0x0000000012920000,0x0000000013120000] byte_map_base: 0x000000000f318000

Marking Bits: (ParMarkBitMap*) 0x0000000054ecd850
 Begin Bits: [0x0000000013a70000, 0x0000000017a30000)
 End Bits:   [0x0000000017a30000, 0x000000001b9f0000)

Polling page: 0x0000000002f00000

CodeCache: size=245760Kb used=24994Kb max_used=25010Kb free=220765Kb
 bounds [0x0000000003560000, 0x0000000004df0000, 0x0000000012560000]
 total_blobs=7315 nmethods=6844 adapters=382
 compilation: enabled

Compilation events (10 events):
Event: 18.306 Thread 0x000000001dfba000 8006       3       org.apache.catalina.webresources.AbstractFileResourceSet::normalize (18 bytes)
Event: 18.306 Thread 0x000000001dfba000 nmethod 8006 0x0000000004969ad0 code [0x0000000004969c40, 0x0000000004969de8]
Event: 18.306 Thread 0x000000001dfba000 8007       3       sun.reflect.generics.reflectiveObjects.ParameterizedTypeImpl::equals (81 bytes)
Event: 18.307 Thread 0x000000001dfba000 nmethod 8007 0x0000000004968a50 code [0x0000000004968c40, 0x0000000004969828]
Event: 18.308 Thread 0x000000001dfba000 8008       1       org.apache.catalina.webresources.StandardRoot::isCachingAllowed (5 bytes)
Event: 18.308 Thread 0x000000001dfba000 nmethod 8008 0x0000000004968790 code [0x00000000049688e0, 0x00000000049689f0]
Event: 18.309 Thread 0x000000001dfba000 8009       3       org.springframework.beans.factory.support.AbstractAutowireCapableBeanFactory$$Lambda$325/1911916486::test (12 bytes)
Event: 18.309 Thread 0x000000001dfba000 nmethod 8009 0x0000000004968210 code [0x0000000004968380, 0x0000000004968688]
Event: 18.309 Thread 0x000000001dfba000 8010   !   3       com.sun.proxy.$Proxy106::annotationType (29 bytes)
Event: 18.309 Thread 0x000000001dfba000 nmethod 8010 0x000000000487acd0 code [0x000000000487ae60, 0x000000000487b298]

GC Heap History (10 events):
Event: 8.800 GC heap before
{Heap before GC invocations=9 (full 2):
 PSYoungGen      total 262144K, used 26103K [0x000000076b000000, 0x000000077d480000, 0x00000007c0000000)
  eden space 236032K, 0% used [0x000000076b000000,0x000000076b000000,0x0000000779680000)
  from space 26112K, 99% used [0x000000077aa00000,0x000000077c37dfd8,0x000000077c380000)
  to   space 17408K, 0% used [0x000000077c380000,0x000000077c380000,0x000000077d480000)
 ParOldGen       total 148992K, used 35574K [0x00000006c1000000, 0x00000006ca180000, 0x000000076b000000)
  object space 148992K, 23% used [0x00000006c1000000,0x00000006c32bd830,0x00000006ca180000)
 Metaspace       used 34621K, capacity 35448K, committed 35496K, reserved 1081344K
  class space    used 4276K, capacity 4512K, committed 4520K, reserved 1048576K
Event: 8.961 GC heap after
Heap after GC invocations=9 (full 2):
 PSYoungGen      total 262144K, used 0K [0x000000076b000000, 0x000000077d480000, 0x00000007c0000000)
  eden space 236032K, 0% used [0x000000076b000000,0x000000076b000000,0x0000000779680000)
  from space 26112K, 0% used [0x000000077aa00000,0x000000077aa00000,0x000000077c380000)
  to   space 17408K, 0% used [0x000000077c380000,0x000000077c380000,0x000000077d480000)
 ParOldGen       total 243200K, used 55436K [0x00000006c1000000, 0x00000006cfd80000, 0x000000076b000000)
  object space 243200K, 22% used [0x00000006c1000000,0x00000006c4623078,0x00000006cfd80000)
 Metaspace       used 34619K, capacity 35442K, committed 35496K, reserved 1081344K
  class space    used 4275K, capacity 4511K, committed 4520K, reserved 1048576K
}
Event: 13.926 GC heap before
{Heap before GC invocations=10 (full 2):
 PSYoungGen      total 262144K, used 236032K [0x000000076b000000, 0x000000077d480000, 0x00000007c0000000)
  eden space 236032K, 100% used [0x000000076b000000,0x0000000779680000,0x0000000779680000)
  from space 26112K, 0% used [0x000000077aa00000,0x000000077aa00000,0x000000077c380000)
  to   space 17408K, 0% used [0x000000077c380000,0x000000077c380000,0x000000077d480000)
 ParOldGen       total 243200K, used 55436K [0x00000006c1000000, 0x00000006cfd80000, 0x000000076b000000)
  object space 243200K, 22% used [0x00000006c1000000,0x00000006c4623078,0x00000006cfd80000)
 Metaspace       used 45837K, capacity 47342K, committed 47656K, reserved 1091584K
  class space    used 5786K, capacity 6141K, committed 6184K, reserved 1048576K
Event: 13.938 GC heap after
Heap after GC invocations=10 (full 2):
 PSYoungGen      total 253440K, used 16681K [0x000000076b000000, 0x000000077d480000, 0x00000007c0000000)
  eden space 236032K, 0% used [0x000000076b000000,0x000000076b000000,0x0000000779680000)
  from space 17408K, 95% used [0x000000077c380000,0x000000077d3ca6d8,0x000000077d480000)
  to   space 26112K, 0% used [0x000000077aa00000,0x000000077aa00000,0x000000077c380000)
 ParOldGen       total 243200K, used 55508K [0x00000006c1000000, 0x00000006cfd80000, 0x000000076b000000)
  object space 243200K, 22% used [0x00000006c1000000,0x00000006c4635088,0x00000006cfd80000)
 Metaspace       used 45837K, capacity 47342K, committed 47656K, reserved 1091584K
  class space    used 5786K, capacity 6141K, committed 6184K, reserved 1048576K
}
Event: 16.446 GC heap before
{Heap before GC invocations=11 (full 2):
 PSYoungGen      total 253440K, used 252713K [0x000000076b000000, 0x000000077d480000, 0x00000007c0000000)
  eden space 236032K, 100% used [0x000000076b000000,0x0000000779680000,0x0000000779680000)
  from space 17408K, 95% used [0x000000077c380000,0x000000077d3ca6d8,0x000000077d480000)
  to   space 26112K, 0% used [0x000000077aa00000,0x000000077aa00000,0x000000077c380000)
 ParOldGen       total 243200K, used 55508K [0x00000006c1000000, 0x00000006cfd80000, 0x000000076b000000)
  object space 243200K, 22% used [0x00000006c1000000,0x00000006c4635088,0x00000006cfd80000)
 Metaspace       used 55261K, capacity 57176K, committed 57384K, reserved 1099776K
  class space    used 7181K, capacity 7598K, committed 7720K, reserved 1048576K
Event: 16.466 GC heap after
Heap after GC invocations=11 (full 2):
 PSYoungGen      total 262144K, used 24505K [0x000000076b000000, 0x000000077d480000, 0x00000007c0000000)
  eden space 236032K, 0% used [0x000000076b000000,0x000000076b000000,0x0000000779680000)
  from space 26112K, 93% used [0x000000077aa00000,0x000000077c1ee5c0,0x000000077c380000)
  to   space 17408K, 0% used [0x000000077c380000,0x000000077c380000,0x000000077d480000)
 ParOldGen       total 243200K, used 55516K [0x00000006c1000000, 0x00000006cfd80000, 0x000000076b000000)
  object space 243200K, 22% used [0x00000006c1000000,0x00000006c4637088,0x00000006cfd80000)
 Metaspace       used 55261K, capacity 57176K, committed 57384K, reserved 1099776K
  class space    used 7181K, capacity 7598K, committed 7720K, reserved 1048576K
}
Event: 17.464 GC heap before
{Heap before GC invocations=12 (full 2):
 PSYoungGen      total 262144K, used 61630K [0x000000076b000000, 0x000000077d480000, 0x00000007c0000000)
  eden space 236032K, 15% used [0x000000076b000000,0x000000076d441440,0x0000000779680000)
  from space 26112K, 93% used [0x000000077aa00000,0x000000077c1ee5c0,0x000000077c380000)
  to   space 17408K, 0% used [0x000000077c380000,0x000000077c380000,0x000000077d480000)
 ParOldGen       total 243200K, used 55516K [0x00000006c1000000, 0x00000006cfd80000, 0x000000076b000000)
  object space 243200K, 22% used [0x00000006c1000000,0x00000006c4637088,0x00000006cfd80000)
 Metaspace       used 56782K, capacity 58994K, committed 59160K, reserved 1099776K
  class space    used 7379K, capacity 7853K, committed 7960K, reserved 1048576K
Event: 17.477 GC heap after
Heap after GC invocations=12 (full 2):
 PSYoungGen      total 253440K, used 17399K [0x000000076b000000, 0x000000077d480000, 0x00000007c0000000)
  eden space 236032K, 0% used [0x000000076b000000,0x000000076b000000,0x0000000779680000)
  from space 17408K, 99% used [0x000000077c380000,0x000000077d47def0,0x000000077d480000)
  to   space 26112K, 0% used [0x000000077aa00000,0x000000077aa00000,0x000000077c380000)
 ParOldGen       total 243200K, used 55811K [0x00000006c1000000, 0x00000006cfd80000, 0x000000076b000000)
  object space 243200K, 22% used [0x00000006c1000000,0x00000006c4680df0,0x00000006cfd80000)
 Metaspace       used 56782K, capacity 58994K, committed 59160K, reserved 1099776K
  class space    used 7379K, capacity 7853K, committed 7960K, reserved 1048576K
}
Event: 17.477 GC heap before
{Heap before GC invocations=13 (full 3):
 PSYoungGen      total 253440K, used 17399K [0x000000076b000000, 0x000000077d480000, 0x00000007c0000000)
  eden space 236032K, 0% used [0x000000076b000000,0x000000076b000000,0x0000000779680000)
  from space 17408K, 99% used [0x000000077c380000,0x000000077d47def0,0x000000077d480000)
  to   space 26112K, 0% used [0x000000077aa00000,0x000000077aa00000,0x000000077c380000)
 ParOldGen       total 243200K, used 55811K [0x00000006c1000000, 0x00000006cfd80000, 0x000000076b000000)
  object space 243200K, 22% used [0x00000006c1000000,0x00000006c4680df0,0x00000006cfd80000)
 Metaspace       used 56782K, capacity 58994K, committed 59160K, reserved 1099776K
  class space    used 7379K, capacity 7853K, committed 7960K, reserved 1048576K
Event: 17.646 GC heap after
Heap after GC invocations=13 (full 3):
 PSYoungGen      total 253440K, used 0K [0x000000076b000000, 0x000000077d480000, 0x00000007c0000000)
  eden space 236032K, 0% used [0x000000076b000000,0x000000076b000000,0x0000000779680000)
  from space 17408K, 0% used [0x000000077c380000,0x000000077c380000,0x000000077d480000)
  to   space 26112K, 0% used [0x000000077aa00000,0x000000077aa00000,0x000000077c380000)
 ParOldGen       total 243200K, used 62380K [0x00000006c1000000, 0x00000006cfd80000, 0x000000076b000000)
  object space 243200K, 25% used [0x00000006c1000000,0x00000006c4ceb258,0x00000006cfd80000)
 Metaspace       used 56782K, capacity 58994K, committed 59160K, reserved 1099776K
  class space    used 7379K, capacity 7853K, committed 7960K, reserved 1048576K
}

Deoptimization events (10 events):
Event: 18.187 Thread 0x000000001f421000 Uncommon trap: reason=unstable_if action=reinterpret pc=0x000000000427d888 method=jdk.internal.org.objectweb.asm.Type.getArgumentsAndReturnSizes(Ljava/lang/String;)I @ 41
Event: 18.191 Thread 0x000000001f421000 Uncommon trap: reason=speculate_class_check action=maybe_recompile pc=0x000000000493d06c method=java.util.AbstractList.listIterator()Ljava/util/ListIterator; @ 2
Event: 18.191 Thread 0x000000001f421000 Uncommon trap: reason=speculate_class_check action=maybe_recompile pc=0x000000000493d06c method=java.util.AbstractList.listIterator()Ljava/util/ListIterator; @ 2
Event: 18.192 Thread 0x000000001f421000 Uncommon trap: reason=speculate_class_check action=maybe_recompile pc=0x000000000493d06c method=java.util.AbstractList.listIterator()Ljava/util/ListIterator; @ 2
Event: 18.193 Thread 0x000000001f421000 Uncommon trap: reason=speculate_class_check action=maybe_recompile pc=0x000000000493d06c method=java.util.AbstractList.listIterator()Ljava/util/ListIterator; @ 2
Event: 18.208 Thread 0x000000001f421000 Uncommon trap: reason=bimorphic action=maybe_recompile pc=0x0000000003fbf6ec method=java.util.Hashtable.putAll(Ljava/util/Map;)V @ 1
Event: 18.230 Thread 0x000000001f421000 Uncommon trap: reason=class_check action=maybe_recompile pc=0x0000000004d3f8ac method=org.springframework.core.SerializableTypeWrapper.forTypeProvider(Lorg/springframework/core/SerializableTypeWrapper$TypeProvider;)Ljava/lang/reflect/Type; @ 45
Event: 18.230 Thread 0x000000001f421000 Uncommon trap: reason=class_check action=maybe_recompile pc=0x0000000004d3f8ac method=org.springframework.core.SerializableTypeWrapper.forTypeProvider(Lorg/springframework/core/SerializableTypeWrapper$TypeProvider;)Ljava/lang/reflect/Type; @ 45
Event: 18.230 Thread 0x000000001f421000 Uncommon trap: reason=class_check action=maybe_recompile pc=0x0000000004d3f8ac method=org.springframework.core.SerializableTypeWrapper.forTypeProvider(Lorg/springframework/core/SerializableTypeWrapper$TypeProvider;)Ljava/lang/reflect/Type; @ 45
Event: 18.243 Thread 0x000000001f421000 Uncommon trap: reason=class_check action=maybe_recompile pc=0x0000000004d3f8ac method=org.springframework.core.SerializableTypeWrapper.forTypeProvider(Lorg/springframework/core/SerializableTypeWrapper$TypeProvider;)Ljava/lang/reflect/Type; @ 45

Internal exceptions (10 events):
Event: 18.285 Thread 0x000000001f421000 Exception <a 'java/lang/ClassNotFoundException': org/springframework/boot/actuate/autoconfigure/endpoint/web/WebEndpointAutoConfiguration$WebEndpointServletConfiguration$$EnhancerBySpringCGLIB$$b2a8845fCustomizer> (0x000000076e2b08d8) thrown at [C:\re\wor
Event: 18.286 Thread 0x000000001f421000 Exception <a 'java/lang/ClassNotFoundException': org/springframework/context/annotation/ConfigurationClassEnhancer$EnhancedConfigurationCustomizer> (0x000000076e2ecab0) thrown at [C:\re\workspace\8-2-build-windows-amd64-cygwin\jdk8u151\9699\hotspot\src\sh
Event: 18.287 Thread 0x000000001f421000 Exception <a 'java/lang/ClassNotFoundException': org/springframework/beans/factory/BeanFactoryAwareCustomizer> (0x000000076e311850) thrown at [C:\re\workspace\8-2-build-windows-amd64-cygwin\jdk8u151\9699\hotspot\src\share\vm\classfile\systemDictionary.cpp
Event: 18.288 Thread 0x000000001f421000 Exception <a 'java/lang/ClassNotFoundException': org/springframework/beans/factory/AwareCustomizer> (0x000000076e332e48) thrown at [C:\re\workspace\8-2-build-windows-amd64-cygwin\jdk8u151\9699\hotspot\src\share\vm\classfile\systemDictionary.cpp, line 210]
Event: 18.302 Thread 0x000000001f421000 Exception <a 'java/lang/ClassNotFoundException': java/lang/ObjectCustomizer> (0x000000076e42bda8) thrown at [C:\re\workspace\8-2-build-windows-amd64-cygwin\jdk8u151\9699\hotspot\src\share\vm\classfile\systemDictionary.cpp, line 210]
Event: 18.304 Thread 0x000000001f421000 Exception <a 'java/lang/ClassNotFoundException': org/springframework/boot/actuate/autoconfigure/endpoint/web/WebEndpointAutoConfigurationCustomizer> (0x000000076e463c70) thrown at [C:\re\workspace\8-2-build-windows-amd64-cygwin\jdk8u151\9699\hotspot\src\s
Event: 18.306 Thread 0x000000001f421000 Exception <a 'java/lang/ClassNotFoundException': org/springframework/boot/actuate/autoconfigure/endpoint/web/WebEndpointAutoConfiguration$$EnhancerBySpringCGLIB$$35ff9b09Customizer> (0x000000076e4bfd90) thrown at [C:\re\workspace\8-2-build-windows-amd64-c
Event: 18.307 Thread 0x000000001f421000 Exception <a 'java/lang/ClassNotFoundException': org/springframework/context/annotation/ConfigurationClassEnhancer$EnhancedConfigurationCustomizer> (0x000000076e5058d0) thrown at [C:\re\workspace\8-2-build-windows-amd64-cygwin\jdk8u151\9699\hotspot\src\sh
Event: 18.308 Thread 0x000000001f421000 Exception <a 'java/lang/ClassNotFoundException': org/springframework/beans/factory/BeanFactoryAwareCustomizer> (0x000000076e52b258) thrown at [C:\re\workspace\8-2-build-windows-amd64-cygwin\jdk8u151\9699\hotspot\src\share\vm\classfile\systemDictionary.cpp
Event: 18.309 Thread 0x000000001f421000 Exception <a 'java/lang/ClassNotFoundException': org/springframework/beans/factory/AwareCustomizer> (0x000000076e54d790) thrown at [C:\re\workspace\8-2-build-windows-amd64-cygwin\jdk8u151\9699\hotspot\src\share\vm\classfile\systemDictionary.cpp, line 210]

Events (10 events):
Event: 18.308 loading class org/springframework/beans/factory/BeanFactoryAwareCustomizer
Event: 18.308 loading class org/springframework/beans/factory/BeanFactoryAwareCustomizer done
Event: 18.308 loading class org/springframework/beans/factory/BeanFactoryAwareCustomizer
Event: 18.308 loading class org/springframework/beans/factory/BeanFactoryAwareCustomizer done
Event: 18.308 loading class org/springframework/beans/factory/AwareCustomizer
Event: 18.308 loading class org/springframework/beans/factory/AwareCustomizer done
Event: 18.308 loading class org/springframework/beans/factory/AwareCustomizer
Event: 18.308 loading class org/springframework/beans/factory/AwareCustomizer done
Event: 18.309 loading class org/springframework/beans/factory/AwareCustomizer
Event: 18.309 loading class org/springframework/beans/factory/AwareCustomizer done


Dynamic libraries:
0x00007ff645380000 - 0x00007ff6453b7000 	C:\Program Files\Java\jdk1.8.0_151\bin\java.exe
0x00007ff8cbb30000 - 0x00007ff8cbd25000 	C:\WINDOWS\SYSTEM32\ntdll.dll
0x00007ff8cad90000 - 0x00007ff8cae4d000 	C:\WINDOWS\System32\KERNEL32.DLL
0x00007ff8c96e0000 - 0x00007ff8c99a7000 	C:\WINDOWS\System32\KERNELBASE.dll
0x00007ff8cb500000 - 0x00007ff8cb5aa000 	C:\WINDOWS\System32\ADVAPI32.dll
0x00007ff8caf10000 - 0x00007ff8cafae000 	C:\WINDOWS\System32\msvcrt.dll
0x00007ff8cb3f0000 - 0x00007ff8cb48b000 	C:\WINDOWS\System32\sechost.dll
0x00007ff8cb5b0000 - 0x00007ff8cb6d3000 	C:\WINDOWS\System32\RPCRT4.dll
0x00007ff8c9ba0000 - 0x00007ff8c9d40000 	C:\WINDOWS\System32\USER32.dll
0x00007ff8c9b40000 - 0x00007ff8c9b62000 	C:\WINDOWS\System32\win32u.dll
0x00007ff8cad00000 - 0x00007ff8cad2a000 	C:\WINDOWS\System32\GDI32.dll
0x00007ff8c99b0000 - 0x00007ff8c9aba000 	C:\WINDOWS\System32\gdi32full.dll
0x00007ff8c93e0000 - 0x00007ff8c947d000 	C:\WINDOWS\System32\msvcp_win.dll
0x00007ff8c9480000 - 0x00007ff8c9580000 	C:\WINDOWS\System32\ucrtbase.dll
0x00007ff8bcf00000 - 0x00007ff8bd19a000 	C:\WINDOWS\WinSxS\amd64_microsoft.windows.common-controls_6595b64144ccf1df_6.0.19041.1_none_b555e41d4684ddec\COMCTL32.dll
0x00007ff8cb2a0000 - 0x00007ff8cb2d0000 	C:\WINDOWS\System32\IMM32.DLL
0x0000000054f50000 - 0x0000000055022000 	C:\Program Files\Java\jdk1.8.0_151\jre\bin\msvcr100.dll
0x00000000546b0000 - 0x0000000054f4d000 	C:\Program Files\Java\jdk1.8.0_151\jre\bin\server\jvm.dll
0x00007ff8ca360000 - 0x00007ff8ca368000 	C:\WINDOWS\System32\PSAPI.DLL
0x00007ff8c2e60000 - 0x00007ff8c2e6a000 	C:\WINDOWS\SYSTEM32\VERSION.dll
0x00007ff8bced0000 - 0x00007ff8bcef7000 	C:\WINDOWS\SYSTEM32\WINMM.dll
0x00007ff8c6b50000 - 0x00007ff8c6b59000 	C:\WINDOWS\SYSTEM32\WSOCK32.dll
0x00007ff8cb490000 - 0x00007ff8cb4fb000 	C:\WINDOWS\System32\WS2_32.dll
0x00000000546a0000 - 0x00000000546af000 	C:\Program Files\Java\jdk1.8.0_151\jre\bin\verify.dll
0x0000000054670000 - 0x0000000054699000 	C:\Program Files\Java\jdk1.8.0_151\jre\bin\java.dll
0x0000000054640000 - 0x0000000054663000 	C:\Program Files\Java\jdk1.8.0_151\jre\bin\instrument.dll
0x0000000054620000 - 0x0000000054636000 	C:\Program Files\Java\jdk1.8.0_151\jre\bin\zip.dll
0x00007ff8ca410000 - 0x00007ff8cab50000 	C:\WINDOWS\System32\SHELL32.dll
0x00007ff8c7420000 - 0x00007ff8c7bb1000 	C:\WINDOWS\SYSTEM32\windows.storage.dll
0x00007ff8cb6e0000 - 0x00007ff8cba33000 	C:\WINDOWS\System32\combase.dll
0x00007ff8c8c30000 - 0x00007ff8c8c5c000 	C:\WINDOWS\SYSTEM32\Wldp.dll
0x00007ff8cba40000 - 0x00007ff8cbaee000 	C:\WINDOWS\System32\SHCORE.dll
0x00007ff8cad30000 - 0x00007ff8cad85000 	C:\WINDOWS\System32\shlwapi.dll
0x00007ff8c91c0000 - 0x00007ff8c91df000 	C:\WINDOWS\SYSTEM32\profapi.dll
0x00007ff8c2790000 - 0x00007ff8c27aa000 	C:\Program Files\JetBrains\IntelliJ IDEA 2017.2.6\bin\breakgen64.dll
0x0000000054600000 - 0x000000005461a000 	C:\Program Files\Java\jdk1.8.0_151\jre\bin\net.dll
0x00007ff8c89b0000 - 0x00007ff8c8a1a000 	C:\WINDOWS\system32\mswsock.dll
0x00000000545e0000 - 0x00000000545f1000 	C:\Program Files\Java\jdk1.8.0_151\jre\bin\nio.dll
0x00007ff8c86a0000 - 0x00007ff8c86db000 	C:\WINDOWS\SYSTEM32\IPHLPAPI.DLL
0x00007ff8ca400000 - 0x00007ff8ca409000 	C:\WINDOWS\System32\NSI.dll
0x00007ff8c1a90000 - 0x00007ff8c1aa7000 	C:\WINDOWS\SYSTEM32\dhcpcsvc6.DLL
0x00007ff8c1a40000 - 0x00007ff8c1a5d000 	C:\WINDOWS\SYSTEM32\dhcpcsvc.DLL
0x00007ff8c86e0000 - 0x00007ff8c87aa000 	C:\WINDOWS\SYSTEM32\DNSAPI.dll
0x00000000545d0000 - 0x00000000545dd000 	C:\Program Files\Java\jdk1.8.0_151\jre\bin\management.dll
0x00007ff8c0ca0000 - 0x00007ff8c0cb7000 	C:\WINDOWS\system32\napinsp.dll
0x00007ff8bb3a0000 - 0x00007ff8bb3bb000 	C:\WINDOWS\system32\pnrpnsp.dll
0x00007ff8c42c0000 - 0x00007ff8c42d5000 	C:\WINDOWS\system32\wshbth.dll
0x00007ff8c2dc0000 - 0x00007ff8c2ddd000 	C:\WINDOWS\system32\NLAapi.dll
0x00007ff8ba840000 - 0x00007ff8ba852000 	C:\WINDOWS\System32\winrnr.dll
0x00007ff8c2c40000 - 0x00007ff8c2c4a000 	C:\Windows\System32\rasadhlp.dll
0x00007ff8c1100000 - 0x00007ff8c117f000 	C:\WINDOWS\System32\fwpuclnt.dll
0x00007ff8c9b70000 - 0x00007ff8c9b97000 	C:\WINDOWS\System32\bcrypt.dll
0x00007ff8c8b90000 - 0x00007ff8c8ba8000 	C:\WINDOWS\SYSTEM32\CRYPTSP.dll
0x00007ff8c8340000 - 0x00007ff8c8374000 	C:\WINDOWS\system32\rsaenh.dll
0x00007ff8c9140000 - 0x00007ff8c916e000 	C:\WINDOWS\SYSTEM32\USERENV.dll
0x00007ff8c9ac0000 - 0x00007ff8c9b3f000 	C:\WINDOWS\System32\bcryptprimitives.dll
0x00007ff8c8b80000 - 0x00007ff8c8b8c000 	C:\WINDOWS\SYSTEM32\CRYPTBASE.dll

VM Arguments:
jvm_args: -Dmaven.multiModuleProjectDirectory=C:\Users\mj975\Downloads\mall\order -Dmaven.home=C:\Program Files\JetBrains\IntelliJ IDEA 2017.2.6\plugins\maven\lib\maven3 -Dclassworlds.conf=C:\Program Files\JetBrains\IntelliJ IDEA 2017.2.6\plugins\maven\lib\maven3\bin\m2.conf -javaagent:C:\Program Files\JetBrains\IntelliJ IDEA 2017.2.6\lib\idea_rt.jar=5695:C:\Program Files\JetBrains\IntelliJ IDEA 2017.2.6\bin -Dfile.encoding=UTF-8 
java_command: org.codehaus.classworlds.Launcher -Didea.version=2017.2.7 org.springframework.boot:spring-boot-maven-plugin:2.1.9.RELEASE:run
java_class_path (initial): C:\Program Files\JetBrains\IntelliJ IDEA 2017.2.6\plugins\maven\lib\maven3\boot\plexus-classworlds-2.5.2.jar;C:\Program Files\JetBrains\IntelliJ IDEA 2017.2.6\lib\idea_rt.jar
Launcher Type: SUN_STANDARD

Environment Variables:
PATH=D:\app\oracle\product\12.1.0\dbhome_1\bin;C:\Program Files (x86)\NAT Service;C:\Program Files (x86)\Common Files\Oracle\Java\javapath;C:\ProgramData\Oracle\Java\javapath;C:\Program Files\NVIDIA GPU Computing Toolkit\CUDA\v8.0\bin;C:\Program Files\NVIDIA GPU Computing Toolkit\CUDA\v8.0\libnvvp;C:\Program Files\Python36\Scripts\;C:\Program Files\Python36\;C:\Windows\system32;C:\Windows;C:\Windows\System32\Wbem;C:\Windows\System32\WindowsPowerShell\v1.0\;C:\Program Files (x86)\NVIDIA Corporation\PhysX\Common;C:\Program Files\NVIDIA GPU Computing Toolkit\CUDA\v8.0\cuda\bin;C:\Program Files\NVIDIA GPU Computing Toolkit\CUDA\v8.0;C:\Program Files\NVIDIA GPU Computing Toolkit\CUDA\v8.0\cuda\;C:\Program Files\Git\cmd;C:\Program Files\dotnet\;C:\WINDOWS\system32;C:\WINDOWS;C:\WINDOWS\System32\Wbem;C:\WINDOWS\System32\WindowsPowerShell\v1.0\;C:\WINDOWS\System32\OpenSSH\;C:\Users\mj975\AppData\Roaming\nvm;C:\Program Files\nodejs;C:\Program Files\Python36\Scripts;C:\Users\mj975\anaconda3;C:\Users\mj975\anaconda3\Library\mingw-w64\bin;C:\Users\mj975\anaconda3\Library\usr\bin;C:\Users\mj975\anaconda3\Library\bin;C:\Users\mj975\anaconda3\Scripts;C:\Users\mj975\AppData\Local\Microsoft\WindowsApps;C:\Program Files\Bandizip\;C:\Users\mj975\AppData\Roaming\nvm;C:\Program Files\nodejs;C:\Users\mj975\AppData\Local\Programs\Microsoft VS Code\bin;
USERNAME=mj975
OS=Windows_NT
PROCESSOR_IDENTIFIER=Intel64 Family 6 Model 94 Stepping 3, GenuineIntel



---------------  S Y S T E M  ---------------

OS: Windows 10.0 , 64 bit Build 19041 (10.0.19041.292)

CPU:total 4 (initial active 4) (4 cores per cpu, 1 threads per core) family 6 model 94 stepping 3, cmov, cx8, fxsr, mmx, sse, sse2, sse3, ssse3, sse4.1, sse4.2, popcnt, avx, avx2, aes, clmul, erms, rtm, 3dnowpref, lzcnt, tsc, tscinvbit, bmi1, bmi2, adx

Memory: 4k page, physical 16708576k(3540324k free), swap 39489404k(6532k free)

vm_info: Java HotSpot(TM) 64-Bit Server VM (25.151-b12) for windows-amd64 JRE (1.8.0_151-b12), built on Sep  5 2017 19:33:46 by "java_re" with MS VC++ 10.0 (VS2010)

time: Thu Sep 24 14:43:28 2020
elapsed time: 18 seconds (0d 0h 0m 18s)

